#
# There is insufficient memory for the Java Runtime Environment to continue.
# Native memory allocation (malloc) failed to allocate 1816976 bytes for Chunk::new
# Possible reasons:
#   The system is out of physical RAM or swap space
#   The process is running with CompressedOops enabled, and the Java Heap may be blocking the growth of the native heap
# Possible solutions:
#   Reduce memory load on the system
#   Increase physical memory or swap space
#   Check if swap backing store is full
#   Decrease Java heap size (-Xmx/-Xms)
#   Decrease number of Java threads
#   Decrease Java thread stack sizes (-Xss)
#   Set larger code cache with -XX:ReservedCodeCacheSize=
#   JVM is running with Unscaled Compressed Oops mode in which the Java heap is
#     placed in the first 4GB address space. The Java Heap base address is the
#     maximum limit for the native heap growth. Please use -XX:HeapBaseMinAddress
#     to set the Java Heap base and to place the Java Heap above 4GB virtual address.
# This output file may be truncated or incomplete.
#
#  Out of Memory Error (arena.cpp:191), pid=17828, tid=14036
#
# JRE version: OpenJDK Runtime Environment Temurin-17.0.9+9 (17.0.9+9) (build 17.0.9+9)
# Java VM: OpenJDK 64-Bit Server VM Temurin-17.0.9+9 (17.0.9+9, mixed mode, tiered, compressed oops, compressed class ptrs, parallel gc, windows-amd64)
# No core dump will be written. Minidumps are not enabled by default on client versions of Windows
#

---------------  S U M M A R Y ------------

Command Line: --add-modules=ALL-SYSTEM --add-opens=java.base/java.util=ALL-UNNAMED --add-opens=java.base/java.lang=ALL-UNNAMED --add-opens=java.base/sun.nio.fs=ALL-UNNAMED -Declipse.application=org.eclipse.jdt.ls.core.id1 -Dosgi.bundles.defaultStartLevel=4 -Declipse.product=org.eclipse.jdt.ls.core.product -Djava.import.generatesMetadataFilesAtProjectRoot=false -DDetectVMInstallationsJob.disabled=true -Dfile.encoding=utf8 -XX:+UseParallelGC -XX:GCTimeRatio=4 -XX:AdaptiveSizePolicyWeight=90 -Dsun.zip.disableMemoryMapping=true -Xmx1G -Xms100m -Xlog:disable -javaagent:c:\Users\sibay\.vscode\extensions\redhat.java-1.25.1-win32-x64\lombok\lombok-1.18.30.jar -XX:+HeapDumpOnOutOfMemoryError -XX:HeapDumpPath=c:\Users\sibay\AppData\Roaming\Code\User\workspaceStorage\1b3b0577ac70c305518904fa67843254\redhat.java -Daether.dependencyCollector.impl=bf c:\Users\sibay\.vscode\extensions\redhat.java-1.25.1-win32-x64\server\plugins\org.eclipse.equinox.launcher_1.6.600.v20231106-1826.jar -configuration c:\Users\sibay\AppData\Roaming\Code\User\globalStorage\redhat.java\1.25.1\config_win -data c:\Users\sibay\AppData\Roaming\Code\User\workspaceStorage\1b3b0577ac70c305518904fa67843254\redhat.java\jdt_ws --stdio

Host: AMD Ryzen 5 3500U with Radeon Vega Mobile Gfx  , 8 cores, 6G,  Windows 10 , 64 bit Build 19041 (10.0.19041.3636)
Time: Sun Dec 17 09:58:43 2023 Malay Peninsula Standard Time elapsed time: 3512.588501 seconds (0d 0h 58m 32s)

---------------  T H R E A D  ---------------

Current thread (0x0000013b7df48030):  JavaThread "C2 CompilerThread0" daemon [_thread_in_native, id=14036, stack(0x000000134ea00000,0x000000134eb00000)]


Current CompileTask:
C2:3512588 31347       4       org.eclipse.jdt.internal.compiler.lookup.MethodVerifier::computeInheritedMethods (1086 bytes)

Stack: [0x000000134ea00000,0x000000134eb00000]
Native frames: (J=compiled Java code, j=interpreted, Vv=VM code, C=native code)
V  [jvm.dll+0x67cf49]
V  [jvm.dll+0x83478a]
V  [jvm.dll+0x83624e]
V  [jvm.dll+0x8368b3]
V  [jvm.dll+0x247f1f]
V  [jvm.dll+0xac43c]
V  [jvm.dll+0xaca8c]
V  [jvm.dll+0x367012]
V  [jvm.dll+0x3313ba]
V  [jvm.dll+0x33085a]
V  [jvm.dll+0x21a5b1]
V  [jvm.dll+0x2199d1]
V  [jvm.dll+0x1a57cd]
V  [jvm.dll+0x2297ae]
V  [jvm.dll+0x22797c]
V  [jvm.dll+0x7e9877]
V  [jvm.dll+0x7e3c3a]
V  [jvm.dll+0x67be35]
C  [ucrtbase.dll+0x21bb2]
C  [KERNEL32.DLL+0x17344]
C  [ntdll.dll+0x526b1]


---------------  P R O C E S S  ---------------

Threads class SMR info:
_java_thread_list=0x0000013b00b2c550, length=38, elements={
0x0000013b64dbdd90, 0x0000013b78c58c10, 0x0000013b78c5a490, 0x0000013b64e7cc70,
0x0000013b64e7da00, 0x0000013b64e7e790, 0x0000013b7df47430, 0x0000013b7df48030,
0x0000013b7df4c8f0, 0x0000013b7df4d5f0, 0x0000013b64e21eb0, 0x0000013b7e2426e0,
0x0000013b00085720, 0x0000013b7f651090, 0x0000013b7f67bd80, 0x0000013b7f679a10,
0x0000013b7f679500, 0x0000013b7f679f20, 0x0000013b7f678ff0, 0x0000013b018e8840,
0x0000013b018e5fc0, 0x0000013b018ed430, 0x0000013b018ea6a0, 0x0000013b00db6290,
0x0000013b00db71c0, 0x0000013b00db67a0, 0x0000013b00dbae80, 0x0000013b00dba970,
0x0000013b00db4e50, 0x0000013b00dbbdb0, 0x0000013b00db76d0, 0x0000013b018e9c80,
0x0000013b018ea190, 0x0000013b018eb5d0, 0x0000013b00b23f70, 0x0000013b00b253b0,
0x0000013b00db6cb0, 0x0000013b00dbc7d0
}

Java Threads: ( => current thread )
  0x0000013b64dbdd90 JavaThread "main" [_thread_blocked, id=24616, stack(0x000000134e100000,0x000000134e200000)]
  0x0000013b78c58c10 JavaThread "Reference Handler" daemon [_thread_blocked, id=5000, stack(0x000000134e400000,0x000000134e500000)]
  0x0000013b78c5a490 JavaThread "Finalizer" daemon [_thread_blocked, id=7596, stack(0x000000134e500000,0x000000134e600000)]
  0x0000013b64e7cc70 JavaThread "Signal Dispatcher" daemon [_thread_blocked, id=27068, stack(0x000000134e600000,0x000000134e700000)]
  0x0000013b64e7da00 JavaThread "Attach Listener" daemon [_thread_blocked, id=17712, stack(0x000000134e700000,0x000000134e800000)]
  0x0000013b64e7e790 JavaThread "Service Thread" daemon [_thread_blocked, id=23380, stack(0x000000134e800000,0x000000134e900000)]
  0x0000013b7df47430 JavaThread "Monitor Deflation Thread" daemon [_thread_blocked, id=20108, stack(0x000000134e900000,0x000000134ea00000)]
=>0x0000013b7df48030 JavaThread "C2 CompilerThread0" daemon [_thread_in_native, id=14036, stack(0x000000134ea00000,0x000000134eb00000)]
  0x0000013b7df4c8f0 JavaThread "C1 CompilerThread0" daemon [_thread_blocked, id=10856, stack(0x000000134eb00000,0x000000134ec00000)]
  0x0000013b7df4d5f0 JavaThread "Sweeper thread" daemon [_thread_blocked, id=21436, stack(0x000000134ec00000,0x000000134ed00000)]
  0x0000013b64e21eb0 JavaThread "Common-Cleaner" daemon [_thread_blocked, id=16960, stack(0x000000134ed00000,0x000000134ee00000)]
  0x0000013b7e2426e0 JavaThread "Notification Thread" daemon [_thread_blocked, id=26680, stack(0x000000134ee00000,0x000000134ef00000)]
  0x0000013b00085720 JavaThread "Active Thread: Equinox Container: 8125c311-5dd2-483d-ba52-58aed221cbfd" [_thread_blocked, id=26764, stack(0x000000134f600000,0x000000134f700000)]
  0x0000013b7f651090 JavaThread "Framework Event Dispatcher: Equinox Container: 8125c311-5dd2-483d-ba52-58aed221cbfd" daemon [_thread_blocked, id=1504, stack(0x000000134f800000,0x000000134f900000)]
  0x0000013b7f67bd80 JavaThread "Start Level: Equinox Container: 8125c311-5dd2-483d-ba52-58aed221cbfd" daemon [_thread_blocked, id=16028, stack(0x000000134f900000,0x000000134fa00000)]
  0x0000013b7f679a10 JavaThread "Bundle File Closer" daemon [_thread_blocked, id=20988, stack(0x000000134fa00000,0x000000134fb00000)]
  0x0000013b7f679500 JavaThread "SCR Component Actor" daemon [_thread_blocked, id=13392, stack(0x000000134fb00000,0x000000134fc00000)]
  0x0000013b7f679f20 JavaThread "Worker-JM" [_thread_blocked, id=22728, stack(0x000000134fd00000,0x000000134fe00000)]
  0x0000013b7f678ff0 JavaThread "Java indexing" daemon [_thread_blocked, id=12164, stack(0x0000001350100000,0x0000001350200000)]
  0x0000013b018e8840 JavaThread "JNA Cleaner" daemon [_thread_blocked, id=21516, stack(0x0000001350400000,0x0000001350500000)]
  0x0000013b018e5fc0 JavaThread "pool-2-thread-1" [_thread_blocked, id=23624, stack(0x0000001350700000,0x0000001350800000)]
  0x0000013b018ed430 JavaThread "WorkspaceEventsHandler" [_thread_blocked, id=27412, stack(0x0000001350800000,0x0000001350900000)]
  0x0000013b018ea6a0 JavaThread "pool-1-thread-1" [_thread_in_native, id=20700, stack(0x0000001350900000,0x0000001350a00000)]
  0x0000013b00db6290 JavaThread "ForkJoinPool.commonPool-worker-8" daemon [_thread_blocked, id=15104, stack(0x000000134de00000,0x000000134df00000)]
  0x0000013b00db71c0 JavaThread "ForkJoinPool.commonPool-worker-9" daemon [_thread_blocked, id=4040, stack(0x000000134df00000,0x000000134e000000)]
  0x0000013b00db67a0 JavaThread "ForkJoinPool.commonPool-worker-10" daemon [_thread_blocked, id=3880, stack(0x000000134e000000,0x000000134e100000)]
  0x0000013b00dbae80 JavaThread "ForkJoinPool.commonPool-worker-11" daemon [_thread_blocked, id=15064, stack(0x000000134fe00000,0x000000134ff00000)]
  0x0000013b00dba970 JavaThread "ForkJoinPool.commonPool-worker-13" daemon [_thread_blocked, id=10400, stack(0x0000001350200000,0x0000001350300000)]
  0x0000013b00db4e50 JavaThread "ForkJoinPool.commonPool-worker-14" daemon [_thread_blocked, id=14888, stack(0x0000001350300000,0x0000001350400000)]
  0x0000013b00dbbdb0 JavaThread "Worker-8" [_thread_blocked, id=13240, stack(0x0000001350a00000,0x0000001350b00000)]
  0x0000013b00db76d0 JavaThread "Java Debug Server" daemon [_thread_in_native, id=16260, stack(0x0000001350d00000,0x0000001350e00000)]
  0x0000013b018e9c80 JavaThread "RxSchedulerPurge-1" daemon [_thread_blocked, id=22756, stack(0x0000001351100000,0x0000001351200000)]
  0x0000013b018ea190 JavaThread "RxCachedWorkerPoolEvictor-1" daemon [_thread_blocked, id=23100, stack(0x0000001351200000,0x0000001351300000)]
  0x0000013b018eb5d0 JavaThread "ForkJoinPool.commonPool-worker-15" daemon [_thread_blocked, id=18296, stack(0x000000134fc00000,0x000000134fd00000)]
  0x0000013b00b23f70 JavaThread "process reaper" daemon [_thread_blocked, id=10680, stack(0x000000134db90000,0x000000134dbb0000)]
  0x0000013b00b253b0 JavaThread "Worker-14" [_thread_blocked, id=25756, stack(0x000000134ff00000,0x0000001350000000)]
  0x0000013b00db6cb0 JavaThread "Worker-15" [_thread_blocked, id=5404, stack(0x0000001350c00000,0x0000001350d00000)]
  0x0000013b00dbc7d0 JavaThread "Worker-16" [_thread_blocked, id=15004, stack(0x0000001350f00000,0x0000001351000000)]

Other Threads:
  0x0000013b64e70e70 VMThread "VM Thread" [stack: 0x000000134e300000,0x000000134e400000] [id=15304]
  0x0000013b7e22fc70 WatcherThread [stack: 0x000000134ef00000,0x000000134f000000] [id=25476]
  0x0000013b64dd4e40 GCTaskThread "GC Thread#0" [stack: 0x000000134e200000,0x000000134e300000] [id=23820]
  0x0000013b7f4e0990 GCTaskThread "GC Thread#1" [stack: 0x000000134f000000,0x000000134f100000] [id=18688]
  0x0000013b7f50ee30 GCTaskThread "GC Thread#2" [stack: 0x000000134f100000,0x000000134f200000] [id=11388]
  0x0000013b7f50f0f0 GCTaskThread "GC Thread#3" [stack: 0x000000134f200000,0x000000134f300000] [id=14972]
  0x0000013b7f50f3b0 GCTaskThread "GC Thread#4" [stack: 0x000000134f300000,0x000000134f400000] [id=26060]
  0x0000013b7f50f670 GCTaskThread "GC Thread#5" [stack: 0x000000134f400000,0x000000134f500000] [id=10056]
  0x0000013b7f50f930 GCTaskThread "GC Thread#6" [stack: 0x000000134f500000,0x000000134f600000] [id=22452]
  0x0000013b7f648450 GCTaskThread "GC Thread#7" [stack: 0x000000134f700000,0x000000134f800000] [id=2936]

Threads with active compile tasks:
C2 CompilerThread0  3512633 31347       4       org.eclipse.jdt.internal.compiler.lookup.MethodVerifier::computeInheritedMethods (1086 bytes)

VM state: not at safepoint (normal execution)

VM Mutex/Monitor currently owned by a thread: None

Heap address: 0x00000000c0000000, size: 1024 MB, Compressed Oops mode: 32-bit

CDS archive(s) not mapped
Compressed class space mapped at: 0x0000000100000000-0x0000000140000000, reserved size: 1073741824
Narrow klass base: 0x0000000000000000, Narrow klass shift: 3, Narrow klass range: 0x140000000

GC Precious Log:
 CPUs: 8 total, 8 available
 Memory: 7103M
 Large Page Support: Disabled
 NUMA Support: Disabled
 Compressed Oops: Enabled (32-bit)
 Alignments: Space 512K, Generation 512K, Heap 2M
 Heap Min Capacity: 100M
 Heap Initial Capacity: 100M
 Heap Max Capacity: 1G
 Pre-touch: Disabled
 Parallel Workers: 8

Heap:
 PSYoungGen      total 4096K, used 468K [0x00000000eab00000, 0x00000000eb080000, 0x0000000100000000)
  eden space 3584K, 1% used [0x00000000eab00000,0x00000000eab0d308,0x00000000eae80000)
  from space 512K, 81% used [0x00000000eb000000,0x00000000eb068000,0x00000000eb080000)
  to   space 1024K, 0% used [0x00000000eae80000,0x00000000eae80000,0x00000000eaf80000)
 ParOldGen       total 136704K, used 121952K [0x00000000c0000000, 0x00000000c8580000, 0x00000000eab00000)
  object space 136704K, 89% used [0x00000000c0000000,0x00000000c7718308,0x00000000c8580000)
 Metaspace       used 100623K, committed 101888K, reserved 1179648K
  class space    used 10003K, committed 10560K, reserved 1048576K

Card table byte_map: [0x0000013b64760000,0x0000013b64970000] _byte_map_base: 0x0000013b64160000

Marking Bits: (ParMarkBitMap*) 0x00007ffb8ca8d0b0
 Begin Bits: [0x0000013b76a60000, 0x0000013b77a60000)
 End Bits:   [0x0000013b77a60000, 0x0000013b78a60000)

Polling page: 0x0000013b62c60000

Metaspace:

Usage:
  Non-class:     88.50 MB used.
      Class:      9.77 MB used.
       Both:     98.27 MB used.

Virtual space:
  Non-class space:      128.00 MB reserved,      89.19 MB ( 70%) committed,  2 nodes.
      Class space:        1.00 GB reserved,      10.31 MB (  1%) committed,  1 nodes.
             Both:        1.12 GB reserved,      99.50 MB (  9%) committed. 

Chunk freelists:
   Non-Class:  6.83 MB
       Class:  5.56 MB
        Both:  12.39 MB

MaxMetaspaceSize: unlimited
CompressedClassSpaceSize: 1.00 GB
Initial GC threshold: 21.00 MB
Current GC threshold: 165.88 MB
CDS: off
MetaspaceReclaimPolicy: balanced
 - commit_granule_bytes: 65536.
 - commit_granule_words: 8192.
 - virtual_space_node_default_size: 8388608.
 - enlarge_chunks_in_place: 1.
 - new_chunks_are_fully_committed: 0.
 - uncommit_free_chunks: 1.
 - use_allocation_guard: 0.
 - handle_deallocations: 1.


Internal statistics:

num_allocs_failed_limit: 9.
num_arena_births: 1272.
num_arena_deaths: 390.
num_vsnodes_births: 3.
num_vsnodes_deaths: 0.
num_space_committed: 1592.
num_space_uncommitted: 0.
num_chunks_returned_to_freelist: 464.
num_chunks_taken_from_freelist: 5817.
num_chunk_merges: 156.
num_chunk_splits: 3405.
num_chunks_enlarged: 1852.
num_inconsistent_stats: 0.

CodeHeap 'non-profiled nmethods': size=120000Kb used=28840Kb max_used=28840Kb free=91160Kb
 bounds [0x0000013b6f530000, 0x0000013b71160000, 0x0000013b76a60000]
CodeHeap 'profiled nmethods': size=120000Kb used=41764Kb max_used=41764Kb free=78235Kb
 bounds [0x0000013b67a60000, 0x0000013b6a3a0000, 0x0000013b6ef90000]
CodeHeap 'non-nmethods': size=5760Kb used=1470Kb max_used=1557Kb free=4289Kb
 bounds [0x0000013b6ef90000, 0x0000013b6f200000, 0x0000013b6f530000]
 total_blobs=20914 nmethods=20090 adapters=731
 compilation: enabled
              stopped_count=0, restarted_count=0
 full_count=0

Compilation events (20 events):
Event: 3477.365 Thread 0x0000013b7df48030 nmethod 31337 0x0000013b71153910 code [0x0000013b71153aa0, 0x0000013b71153c98]
Event: 3479.072 Thread 0x0000013b7df48030 31338   !   4       org.eclipse.jdt.internal.compiler.Compiler::internalBeginToCompile (369 bytes)
Event: 3479.155 Thread 0x0000013b7df48030 nmethod 31338 0x0000013b71153e90 code [0x0000013b71154100, 0x0000013b71155cd0]
Event: 3479.156 Thread 0x0000013b7df48030 31339       4       org.eclipse.jdt.core.dom.MethodInvocation::resolveMethodBinding (12 bytes)
Event: 3479.177 Thread 0x0000013b7df48030 nmethod 31339 0x0000013b71156f10 code [0x0000013b71157120, 0x0000013b71157a90]
Event: 3510.242 Thread 0x0000013b7df4c8f0 31340       3       org.eclipse.jdt.ls.core.internal.corext.refactoring.code.ExtractFieldRefactoring::isUsedInExplicitConstructorCall (36 bytes)
Event: 3510.242 Thread 0x0000013b7df4c8f0 nmethod 31340 0x0000013b6946ce10 code [0x0000013b6946d000, 0x0000013b6946d358]
Event: 3511.367 Thread 0x0000013b7df4c8f0 31341       3       org.eclipse.jdt.internal.core.DiscardWorkingCopyOperation::executeOperation (176 bytes)
Event: 3511.370 Thread 0x0000013b7df4c8f0 nmethod 31341 0x0000013b6a0acf10 code [0x0000013b6a0ad3e0, 0x0000013b6a0afd08]
Event: 3511.370 Thread 0x0000013b7df4c8f0 31342       3       org.eclipse.jdt.internal.core.DiscardWorkingCopyOperation::getWorkingCopy (8 bytes)
Event: 3511.371 Thread 0x0000013b7df4c8f0 nmethod 31342 0x0000013b6a25f590 code [0x0000013b6a25f740, 0x0000013b6a25fab8]
Event: 3511.799 Thread 0x0000013b7df48030 31343   !   4       org.eclipse.jdt.internal.compiler.ast.CompilationUnitDeclaration::generateCode (115 bytes)
Event: 3511.805 Thread 0x0000013b7df48030 nmethod 31343 0x0000013b71158390 code [0x0000013b71158540, 0x0000013b711587b8]
Event: 3511.814 Thread 0x0000013b7df48030 31344   !   4       org.eclipse.jdt.internal.compiler.ast.CompilationUnitDeclaration::analyseCode (80 bytes)
Event: 3511.846 Thread 0x0000013b7df48030 nmethod 31344 0x0000013b71158990 code [0x0000013b71158ba0, 0x0000013b711596b8]
Event: 3511.901 Thread 0x0000013b7df4c8f0 31345       1       java.time.ZoneOffset::getTotalSeconds (5 bytes)
Event: 3511.902 Thread 0x0000013b7df4c8f0 nmethod 31345 0x0000013b71159d10 code [0x0000013b71159ea0, 0x0000013b71159f78]
Event: 3511.961 Thread 0x0000013b7df4c8f0 31346       3       java.lang.Throwable::toString (45 bytes)
Event: 3511.963 Thread 0x0000013b7df4c8f0 nmethod 31346 0x0000013b68b1e390 code [0x0000013b68b1e600, 0x0000013b68b1eef8]
Event: 3511.979 Thread 0x0000013b7df48030 31347       4       org.eclipse.jdt.internal.compiler.lookup.MethodVerifier::computeInheritedMethods (1086 bytes)

GC Heap History (20 events):
Event: 3511.204 GC heap before
{Heap before GC invocations=10959 (full 276):
 PSYoungGen      total 4608K, used 4608K [0x00000000eab00000, 0x00000000eb380000, 0x0000000100000000)
  eden space 3584K, 100% used [0x00000000eab00000,0x00000000eae80000,0x00000000eae80000)
  from space 1024K, 100% used [0x00000000eaf80000,0x00000000eb080000,0x00000000eb080000)
  to   space 2560K, 0% used [0x00000000eb100000,0x00000000eb100000,0x00000000eb380000)
 ParOldGen       total 137216K, used 131884K [0x00000000c0000000, 0x00000000c8600000, 0x00000000eab00000)
  object space 137216K, 96% used [0x00000000c0000000,0x00000000c80cb038,0x00000000c8600000)
 Metaspace       used 100618K, committed 101888K, reserved 1179648K
  class space    used 10003K, committed 10560K, reserved 1048576K
}
Event: 3511.207 GC heap after
{Heap after GC invocations=10959 (full 276):
 PSYoungGen      total 4608K, used 576K [0x00000000eab00000, 0x00000000eb200000, 0x0000000100000000)
  eden space 3584K, 0% used [0x00000000eab00000,0x00000000eab00000,0x00000000eae80000)
  from space 1024K, 56% used [0x00000000eb100000,0x00000000eb190000,0x00000000eb200000)
  to   space 1536K, 0% used [0x00000000eaf00000,0x00000000eaf00000,0x00000000eb080000)
 ParOldGen       total 137216K, used 132921K [0x00000000c0000000, 0x00000000c8600000, 0x00000000eab00000)
  object space 137216K, 96% used [0x00000000c0000000,0x00000000c81ce558,0x00000000c8600000)
 Metaspace       used 100618K, committed 101888K, reserved 1179648K
  class space    used 10003K, committed 10560K, reserved 1048576K
}
Event: 3511.388 GC heap before
{Heap before GC invocations=10960 (full 276):
 PSYoungGen      total 4608K, used 4160K [0x00000000eab00000, 0x00000000eb200000, 0x0000000100000000)
  eden space 3584K, 100% used [0x00000000eab00000,0x00000000eae80000,0x00000000eae80000)
  from space 1024K, 56% used [0x00000000eb100000,0x00000000eb190000,0x00000000eb200000)
  to   space 1536K, 0% used [0x00000000eaf00000,0x00000000eaf00000,0x00000000eb080000)
 ParOldGen       total 137216K, used 132921K [0x00000000c0000000, 0x00000000c8600000, 0x00000000eab00000)
  object space 137216K, 96% used [0x00000000c0000000,0x00000000c81ce558,0x00000000c8600000)
 Metaspace       used 100623K, committed 101888K, reserved 1179648K
  class space    used 10003K, committed 10560K, reserved 1048576K
}
Event: 3511.389 GC heap after
{Heap after GC invocations=10960 (full 276):
 PSYoungGen      total 5120K, used 128K [0x00000000eab00000, 0x00000000eb180000, 0x0000000100000000)
  eden space 3584K, 0% used [0x00000000eab00000,0x00000000eab00000,0x00000000eae80000)
  from space 1536K, 8% used [0x00000000eaf00000,0x00000000eaf20000,0x00000000eb080000)
  to   space 512K, 0% used [0x00000000eb100000,0x00000000eb100000,0x00000000eb180000)
 ParOldGen       total 137216K, used 133271K [0x00000000c0000000, 0x00000000c8600000, 0x00000000eab00000)
  object space 137216K, 97% used [0x00000000c0000000,0x00000000c8225cd8,0x00000000c8600000)
 Metaspace       used 100623K, committed 101888K, reserved 1179648K
  class space    used 10003K, committed 10560K, reserved 1048576K
}
Event: 3511.406 GC heap before
{Heap before GC invocations=10961 (full 276):
 PSYoungGen      total 5120K, used 3712K [0x00000000eab00000, 0x00000000eb180000, 0x0000000100000000)
  eden space 3584K, 100% used [0x00000000eab00000,0x00000000eae80000,0x00000000eae80000)
  from space 1536K, 8% used [0x00000000eaf00000,0x00000000eaf20000,0x00000000eb080000)
  to   space 512K, 0% used [0x00000000eb100000,0x00000000eb100000,0x00000000eb180000)
 ParOldGen       total 137216K, used 133271K [0x00000000c0000000, 0x00000000c8600000, 0x00000000eab00000)
  object space 137216K, 97% used [0x00000000c0000000,0x00000000c8225cd8,0x00000000c8600000)
 Metaspace       used 100623K, committed 101888K, reserved 1179648K
  class space    used 10003K, committed 10560K, reserved 1048576K
}
Event: 3511.407 GC heap after
{Heap after GC invocations=10961 (full 276):
 PSYoungGen      total 4096K, used 512K [0x00000000eab00000, 0x00000000eb180000, 0x0000000100000000)
  eden space 3584K, 0% used [0x00000000eab00000,0x00000000eab00000,0x00000000eae80000)
  from space 512K, 100% used [0x00000000eb100000,0x00000000eb180000,0x00000000eb180000)
  to   space 1536K, 0% used [0x00000000eae80000,0x00000000eae80000,0x00000000eb000000)
 ParOldGen       total 137216K, used 133879K [0x00000000c0000000, 0x00000000c8600000, 0x00000000eab00000)
  object space 137216K, 97% used [0x00000000c0000000,0x00000000c82bdcf8,0x00000000c8600000)
 Metaspace       used 100623K, committed 101888K, reserved 1179648K
  class space    used 10003K, committed 10560K, reserved 1048576K
}
Event: 3511.789 GC heap before
{Heap before GC invocations=10962 (full 276):
 PSYoungGen      total 4096K, used 4096K [0x00000000eab00000, 0x00000000eb180000, 0x0000000100000000)
  eden space 3584K, 100% used [0x00000000eab00000,0x00000000eae80000,0x00000000eae80000)
  from space 512K, 100% used [0x00000000eb100000,0x00000000eb180000,0x00000000eb180000)
  to   space 1536K, 0% used [0x00000000eae80000,0x00000000eae80000,0x00000000eb000000)
 ParOldGen       total 137216K, used 133879K [0x00000000c0000000, 0x00000000c8600000, 0x00000000eab00000)
  object space 137216K, 97% used [0x00000000c0000000,0x00000000c82bdcf8,0x00000000c8600000)
 Metaspace       used 100623K, committed 101888K, reserved 1179648K
  class space    used 10003K, committed 10560K, reserved 1048576K
}
Event: 3511.790 GC heap after
{Heap after GC invocations=10962 (full 276):
 PSYoungGen      total 5120K, used 256K [0x00000000eab00000, 0x00000000eb180000, 0x0000000100000000)
  eden space 3584K, 0% used [0x00000000eab00000,0x00000000eab00000,0x00000000eae80000)
  from space 1536K, 16% used [0x00000000eae80000,0x00000000eaec0000,0x00000000eb000000)
  to   space 1024K, 0% used [0x00000000eb080000,0x00000000eb080000,0x00000000eb180000)
 ParOldGen       total 137216K, used 134392K [0x00000000c0000000, 0x00000000c8600000, 0x00000000eab00000)
  object space 137216K, 97% used [0x00000000c0000000,0x00000000c833e340,0x00000000c8600000)
 Metaspace       used 100623K, committed 101888K, reserved 1179648K
  class space    used 10003K, committed 10560K, reserved 1048576K
}
Event: 3511.803 GC heap before
{Heap before GC invocations=10963 (full 276):
 PSYoungGen      total 5120K, used 3840K [0x00000000eab00000, 0x00000000eb180000, 0x0000000100000000)
  eden space 3584K, 100% used [0x00000000eab00000,0x00000000eae80000,0x00000000eae80000)
  from space 1536K, 16% used [0x00000000eae80000,0x00000000eaec0000,0x00000000eb000000)
  to   space 1024K, 0% used [0x00000000eb080000,0x00000000eb080000,0x00000000eb180000)
 ParOldGen       total 137216K, used 134392K [0x00000000c0000000, 0x00000000c8600000, 0x00000000eab00000)
  object space 137216K, 97% used [0x00000000c0000000,0x00000000c833e340,0x00000000c8600000)
 Metaspace       used 100623K, committed 101888K, reserved 1179648K
  class space    used 10003K, committed 10560K, reserved 1048576K
}
Event: 3511.804 GC heap after
{Heap after GC invocations=10963 (full 276):
 PSYoungGen      total 4096K, used 448K [0x00000000eab00000, 0x00000000eb100000, 0x0000000100000000)
  eden space 3584K, 0% used [0x00000000eab00000,0x00000000eab00000,0x00000000eae80000)
  from space 512K, 87% used [0x00000000eb080000,0x00000000eb0f0000,0x00000000eb100000)
  to   space 512K, 0% used [0x00000000eb000000,0x00000000eb000000,0x00000000eb080000)
 ParOldGen       total 137216K, used 134392K [0x00000000c0000000, 0x00000000c8600000, 0x00000000eab00000)
  object space 137216K, 97% used [0x00000000c0000000,0x00000000c833e340,0x00000000c8600000)
 Metaspace       used 100623K, committed 101888K, reserved 1179648K
  class space    used 10003K, committed 10560K, reserved 1048576K
}
Event: 3511.973 GC heap before
{Heap before GC invocations=10964 (full 276):
 PSYoungGen      total 4096K, used 4032K [0x00000000eab00000, 0x00000000eb100000, 0x0000000100000000)
  eden space 3584K, 100% used [0x00000000eab00000,0x00000000eae80000,0x00000000eae80000)
  from space 512K, 87% used [0x00000000eb080000,0x00000000eb0f0000,0x00000000eb100000)
  to   space 512K, 0% used [0x00000000eb000000,0x00000000eb000000,0x00000000eb080000)
 ParOldGen       total 137216K, used 134392K [0x00000000c0000000, 0x00000000c8600000, 0x00000000eab00000)
  object space 137216K, 97% used [0x00000000c0000000,0x00000000c833e340,0x00000000c8600000)
 Metaspace       used 100623K, committed 101888K, reserved 1179648K
  class space    used 10003K, committed 10560K, reserved 1048576K
}
Event: 3511.974 GC heap after
{Heap after GC invocations=10964 (full 276):
 PSYoungGen      total 4096K, used 240K [0x00000000eab00000, 0x00000000eb100000, 0x0000000100000000)
  eden space 3584K, 0% used [0x00000000eab00000,0x00000000eab00000,0x00000000eae80000)
  from space 512K, 46% used [0x00000000eb000000,0x00000000eb03c010,0x00000000eb080000)
  to   space 512K, 0% used [0x00000000eb080000,0x00000000eb080000,0x00000000eb100000)
 ParOldGen       total 137216K, used 134432K [0x00000000c0000000, 0x00000000c8600000, 0x00000000eab00000)
  object space 137216K, 97% used [0x00000000c0000000,0x00000000c8348340,0x00000000c8600000)
 Metaspace       used 100623K, committed 101888K, reserved 1179648K
  class space    used 10003K, committed 10560K, reserved 1048576K
}
Event: 3511.984 GC heap before
{Heap before GC invocations=10965 (full 276):
 PSYoungGen      total 4096K, used 3824K [0x00000000eab00000, 0x00000000eb100000, 0x0000000100000000)
  eden space 3584K, 100% used [0x00000000eab00000,0x00000000eae80000,0x00000000eae80000)
  from space 512K, 46% used [0x00000000eb000000,0x00000000eb03c010,0x00000000eb080000)
  to   space 512K, 0% used [0x00000000eb080000,0x00000000eb080000,0x00000000eb100000)
 ParOldGen       total 137216K, used 134432K [0x00000000c0000000, 0x00000000c8600000, 0x00000000eab00000)
  object space 137216K, 97% used [0x00000000c0000000,0x00000000c8348340,0x00000000c8600000)
 Metaspace       used 100623K, committed 101888K, reserved 1179648K
  class space    used 10003K, committed 10560K, reserved 1048576K
}
Event: 3511.985 GC heap after
{Heap after GC invocations=10965 (full 276):
 PSYoungGen      total 4096K, used 512K [0x00000000eab00000, 0x00000000eb280000, 0x0000000100000000)
  eden space 3584K, 0% used [0x00000000eab00000,0x00000000eab00000,0x00000000eae80000)
  from space 512K, 100% used [0x00000000eb080000,0x00000000eb100000,0x00000000eb100000)
  to   space 2048K, 0% used [0x00000000eae80000,0x00000000eae80000,0x00000000eb080000)
 ParOldGen       total 137216K, used 135376K [0x00000000c0000000, 0x00000000c8600000, 0x00000000eab00000)
  object space 137216K, 98% used [0x00000000c0000000,0x00000000c8434380,0x00000000c8600000)
 Metaspace       used 100623K, committed 101888K, reserved 1179648K
  class space    used 10003K, committed 10560K, reserved 1048576K
}
Event: 3512.005 GC heap before
{Heap before GC invocations=10966 (full 276):
 PSYoungGen      total 4096K, used 4096K [0x00000000eab00000, 0x00000000eb280000, 0x0000000100000000)
  eden space 3584K, 100% used [0x00000000eab00000,0x00000000eae80000,0x00000000eae80000)
  from space 512K, 100% used [0x00000000eb080000,0x00000000eb100000,0x00000000eb100000)
  to   space 2048K, 0% used [0x00000000eae80000,0x00000000eae80000,0x00000000eb080000)
 ParOldGen       total 137216K, used 135376K [0x00000000c0000000, 0x00000000c8600000, 0x00000000eab00000)
  object space 137216K, 98% used [0x00000000c0000000,0x00000000c8434380,0x00000000c8600000)
 Metaspace       used 100623K, committed 101888K, reserved 1179648K
  class space    used 10003K, committed 10560K, reserved 1048576K
}
Event: 3512.007 GC heap after
{Heap after GC invocations=10966 (full 276):
 PSYoungGen      total 5632K, used 1632K [0x00000000eab00000, 0x00000000eb280000, 0x0000000100000000)
  eden space 3584K, 0% used [0x00000000eab00000,0x00000000eab00000,0x00000000eae80000)
  from space 2048K, 79% used [0x00000000eae80000,0x00000000eb018000,0x00000000eb080000)
  to   space 2048K, 0% used [0x00000000eb080000,0x00000000eb080000,0x00000000eb280000)
 ParOldGen       total 137216K, used 135459K [0x00000000c0000000, 0x00000000c8600000, 0x00000000eab00000)
  object space 137216K, 98% used [0x00000000c0000000,0x00000000c8448c80,0x00000000c8600000)
 Metaspace       used 100623K, committed 101888K, reserved 1179648K
  class space    used 10003K, committed 10560K, reserved 1048576K
}
Event: 3512.406 GC heap before
{Heap before GC invocations=10967 (full 276):
 PSYoungGen      total 5632K, used 5216K [0x00000000eab00000, 0x00000000eb280000, 0x0000000100000000)
  eden space 3584K, 100% used [0x00000000eab00000,0x00000000eae80000,0x00000000eae80000)
  from space 2048K, 79% used [0x00000000eae80000,0x00000000eb018000,0x00000000eb080000)
  to   space 2048K, 0% used [0x00000000eb080000,0x00000000eb080000,0x00000000eb280000)
 ParOldGen       total 137216K, used 135459K [0x00000000c0000000, 0x00000000c8600000, 0x00000000eab00000)
  object space 137216K, 98% used [0x00000000c0000000,0x00000000c8448c80,0x00000000c8600000)
 Metaspace       used 100623K, committed 101888K, reserved 1179648K
  class space    used 10003K, committed 10560K, reserved 1048576K
}
Event: 3512.408 GC heap after
{Heap after GC invocations=10967 (full 276):
 PSYoungGen      total 5120K, used 1216K [0x00000000eab00000, 0x00000000eb200000, 0x0000000100000000)
  eden space 3584K, 0% used [0x00000000eab00000,0x00000000eab00000,0x00000000eae80000)
  from space 1536K, 79% used [0x00000000eb080000,0x00000000eb1b0000,0x00000000eb200000)
  to   space 1536K, 0% used [0x00000000eaf00000,0x00000000eaf00000,0x00000000eb080000)
 ParOldGen       total 137216K, used 136983K [0x00000000c0000000, 0x00000000c8600000, 0x00000000eab00000)
  object space 137216K, 99% used [0x00000000c0000000,0x00000000c85c5ea0,0x00000000c8600000)
 Metaspace       used 100623K, committed 101888K, reserved 1179648K
  class space    used 10003K, committed 10560K, reserved 1048576K
}
Event: 3512.408 GC heap before
{Heap before GC invocations=10968 (full 277):
 PSYoungGen      total 5120K, used 1216K [0x00000000eab00000, 0x00000000eb200000, 0x0000000100000000)
  eden space 3584K, 0% used [0x00000000eab00000,0x00000000eab00000,0x00000000eae80000)
  from space 1536K, 79% used [0x00000000eb080000,0x00000000eb1b0000,0x00000000eb200000)
  to   space 1536K, 0% used [0x00000000eaf00000,0x00000000eaf00000,0x00000000eb080000)
 ParOldGen       total 137216K, used 136983K [0x00000000c0000000, 0x00000000c8600000, 0x00000000eab00000)
  object space 137216K, 99% used [0x00000000c0000000,0x00000000c85c5ea0,0x00000000c8600000)
 Metaspace       used 100623K, committed 101888K, reserved 1179648K
  class space    used 10003K, committed 10560K, reserved 1048576K
}
Event: 3512.575 GC heap after
{Heap after GC invocations=10968 (full 277):
 PSYoungGen      total 4096K, used 0K [0x00000000eab00000, 0x00000000eb180000, 0x0000000100000000)
  eden space 3584K, 0% used [0x00000000eab00000,0x00000000eab00000,0x00000000eae80000)
  from space 512K, 0% used [0x00000000eaf00000,0x00000000eaf00000,0x00000000eaf80000)
  to   space 1536K, 0% used [0x00000000eb000000,0x00000000eb000000,0x00000000eb180000)
 ParOldGen       total 136704K, used 121952K [0x00000000c0000000, 0x00000000c8580000, 0x00000000eab00000)
  object space 136704K, 89% used [0x00000000c0000000,0x00000000c7718308,0x00000000c8580000)
 Metaspace       used 100623K, committed 101888K, reserved 1179648K
  class space    used 10003K, committed 10560K, reserved 1048576K
}

Dll operation events (11 events):
Event: 0.016 Loaded shared library c:\Users\sibay\.vscode\extensions\redhat.java-1.25.1-win32-x64\jre\17.0.9-win32-x86_64\bin\java.dll
Event: 0.340 Loaded shared library c:\Users\sibay\.vscode\extensions\redhat.java-1.25.1-win32-x64\jre\17.0.9-win32-x86_64\bin\zip.dll
Event: 0.346 Loaded shared library C:\Users\sibay\.vscode\extensions\redhat.java-1.25.1-win32-x64\jre\17.0.9-win32-x86_64\bin\instrument.dll
Event: 0.371 Loaded shared library C:\Users\sibay\.vscode\extensions\redhat.java-1.25.1-win32-x64\jre\17.0.9-win32-x86_64\bin\net.dll
Event: 0.393 Loaded shared library C:\Users\sibay\.vscode\extensions\redhat.java-1.25.1-win32-x64\jre\17.0.9-win32-x86_64\bin\nio.dll
Event: 0.411 Loaded shared library C:\Users\sibay\.vscode\extensions\redhat.java-1.25.1-win32-x64\jre\17.0.9-win32-x86_64\bin\zip.dll
Event: 0.457 Loaded shared library C:\Users\sibay\.vscode\extensions\redhat.java-1.25.1-win32-x64\jre\17.0.9-win32-x86_64\bin\jimage.dll
Event: 0.710 Loaded shared library c:\Users\sibay\.vscode\extensions\redhat.java-1.25.1-win32-x64\jre\17.0.9-win32-x86_64\bin\verify.dll
Event: 3.487 Loaded shared library C:\Users\sibay\AppData\Roaming\Code\User\globalStorage\redhat.java\1.25.1\config_win\org.eclipse.equinox.launcher\org.eclipse.equinox.launcher.win32.win32.x86_64_1.2.800.v20231003-1442\eclipse_11802.dll
Event: 12.222 Loaded shared library C:\Users\sibay\AppData\Local\Temp\jna-109430276\jna3719582804515414857.dll
Event: 21.389 Loaded shared library C:\Users\sibay\.vscode\extensions\redhat.java-1.25.1-win32-x64\jre\17.0.9-win32-x86_64\bin\sunmscapi.dll

Deoptimization events (20 events):
Event: 3442.843 Thread 0x0000013b00dbc2c0 DEOPT PACKING pc=0x0000013b710e7fd8 sp=0x0000001350efe9d0
Event: 3442.843 Thread 0x0000013b00dbc2c0 DEOPT UNPACKING pc=0x0000013b6efe66a3 sp=0x0000001350efe968 mode 2
Event: 3442.843 Thread 0x0000013b00dbc2c0 Uncommon trap: trap_request=0xffffffbe fr.pc=0x0000013b710e7fd8 relative=0x0000000000000958
Event: 3442.843 Thread 0x0000013b00dbc2c0 Uncommon trap: reason=profile_predicate action=maybe_recompile pc=0x0000013b710e7fd8 method=org.eclipse.jdt.internal.corext.util.MethodOverrideTester.findOverriddenMethodInType(Lorg/eclipse/jdt/core/IType;Lorg/eclipse/jdt/core/IMethod;)Lorg/eclipse/jdt/co
Event: 3442.843 Thread 0x0000013b00dbc2c0 DEOPT PACKING pc=0x0000013b710e7fd8 sp=0x0000001350efed70
Event: 3442.843 Thread 0x0000013b00dbc2c0 DEOPT UNPACKING pc=0x0000013b6efe66a3 sp=0x0000001350efed20 mode 2
Event: 3459.665 Thread 0x0000013b00db4e50 Uncommon trap: trap_request=0xffffff45 fr.pc=0x0000013b70fc37e8 relative=0x0000000000000148
Event: 3459.665 Thread 0x0000013b00db4e50 Uncommon trap: reason=unstable_if action=reinterpret pc=0x0000013b70fc37e8 method=org.eclipse.jdt.core.dom.ASTNode.nodeClassForType(I)Ljava/lang/Class; @ 1 c2
Event: 3459.665 Thread 0x0000013b00db4e50 DEOPT PACKING pc=0x0000013b70fc37e8 sp=0x00000013503feb70
Event: 3459.665 Thread 0x0000013b00db4e50 DEOPT UNPACKING pc=0x0000013b6efe66a3 sp=0x00000013503feaf8 mode 2
Event: 3470.065 Thread 0x0000013b00db4e50 Uncommon trap: trap_request=0xffffff76 fr.pc=0x0000013b71138074 relative=0x00000000000002b4
Event: 3470.065 Thread 0x0000013b00db4e50 Uncommon trap: reason=predicate action=maybe_recompile pc=0x0000013b71138074 method=org.eclipse.jdt.internal.core.util.BindingKeyParser$Scanner.nextToken()I @ 1078 c2
Event: 3470.065 Thread 0x0000013b00db4e50 DEOPT PACKING pc=0x0000013b71138074 sp=0x00000013503fed20
Event: 3470.065 Thread 0x0000013b00db4e50 DEOPT UNPACKING pc=0x0000013b6efe66a3 sp=0x00000013503feca0 mode 2
Event: 3480.091 Thread 0x0000013b00db4e50 Uncommon trap: trap_request=0xffffff66 fr.pc=0x0000013b70ed6104 relative=0x0000000000000ee4
Event: 3480.091 Thread 0x0000013b00db4e50 Uncommon trap: reason=speculate_class_check action=maybe_recompile pc=0x0000013b70ed6104 method=java.lang.invoke.VarHandleGuards.guard_LIL_L(Ljava/lang/invoke/VarHandle;Ljava/lang/Object;ILjava/lang/Object;Ljava/lang/invoke/VarHandle$AccessDescriptor;)Lja
Event: 3480.091 Thread 0x0000013b00db4e50 DEOPT PACKING pc=0x0000013b70ed6104 sp=0x00000013503ff4c0
Event: 3480.091 Thread 0x0000013b00db4e50 DEOPT UNPACKING pc=0x0000013b6efe66a3 sp=0x00000013503ff228 mode 2
Event: 3511.979 Thread 0x0000013b00db6290 DEOPT PACKING pc=0x0000013b68bae5ed sp=0x000000134defe930
Event: 3511.979 Thread 0x0000013b00db6290 DEOPT UNPACKING pc=0x0000013b6efe6e43 sp=0x000000134defdf00 mode 0

Classes unloaded (20 events):
Event: 2464.453 Thread 0x0000013b64e70e70 Unloading class 0x000000010091d000 'java/lang/invoke/LambdaForm$MH+0x000000010091d000'
Event: 2464.453 Thread 0x0000013b64e70e70 Unloading class 0x000000010091cc00 'java/lang/invoke/LambdaForm$MH+0x000000010091cc00'
Event: 2464.453 Thread 0x0000013b64e70e70 Unloading class 0x000000010091c800 'java/lang/invoke/LambdaForm$MH+0x000000010091c800'
Event: 2464.453 Thread 0x0000013b64e70e70 Unloading class 0x000000010091c400 'java/lang/invoke/LambdaForm$MH+0x000000010091c400'
Event: 2464.453 Thread 0x0000013b64e70e70 Unloading class 0x000000010091c000 'java/lang/invoke/LambdaForm$MH+0x000000010091c000'
Event: 2865.822 Thread 0x0000013b64e70e70 Unloading class 0x000000010093d000 'java/lang/invoke/LambdaForm$MH+0x000000010093d000'
Event: 2865.822 Thread 0x0000013b64e70e70 Unloading class 0x000000010093dc00 'java/lang/invoke/LambdaForm$MH+0x000000010093dc00'
Event: 2865.822 Thread 0x0000013b64e70e70 Unloading class 0x000000010093e000 'java/lang/invoke/LambdaForm$MH+0x000000010093e000'
Event: 2865.822 Thread 0x0000013b64e70e70 Unloading class 0x000000010093e800 'java/lang/invoke/LambdaForm$MH+0x000000010093e800'
Event: 2865.822 Thread 0x0000013b64e70e70 Unloading class 0x000000010093f400 'java/lang/invoke/LambdaForm$MH+0x000000010093f400'
Event: 2865.822 Thread 0x0000013b64e70e70 Unloading class 0x000000010093fc00 'java/lang/invoke/LambdaForm$MH+0x000000010093fc00'
Event: 2928.130 Thread 0x0000013b64e70e70 Unloading class 0x0000000100706000 'java/lang/invoke/LambdaForm$MH+0x0000000100706000'
Event: 2928.130 Thread 0x0000013b64e70e70 Unloading class 0x0000000100761c00 'java/lang/invoke/LambdaForm$MH+0x0000000100761c00'
Event: 2928.130 Thread 0x0000013b64e70e70 Unloading class 0x0000000100768800 'java/lang/invoke/LambdaForm$MH+0x0000000100768800'
Event: 2928.130 Thread 0x0000013b64e70e70 Unloading class 0x00000001007b6c00 'java/lang/invoke/LambdaForm$MH+0x00000001007b6c00'
Event: 2928.130 Thread 0x0000013b64e70e70 Unloading class 0x00000001007b9800 'java/lang/invoke/LambdaForm$MH+0x00000001007b9800'
Event: 3074.753 Thread 0x0000013b64e70e70 Unloading class 0x0000000100198c00 'jdk/internal/reflect/GeneratedConstructorAccessor46'
Event: 3074.753 Thread 0x0000013b64e70e70 Unloading class 0x0000000100198800 'jdk/internal/reflect/GeneratedConstructorAccessor45'
Event: 3074.753 Thread 0x0000013b64e70e70 Unloading class 0x0000000100129000 'jdk/internal/reflect/GeneratedConstructorAccessor44'
Event: 3074.753 Thread 0x0000013b64e70e70 Unloading class 0x0000000100198000 'jdk/internal/reflect/GeneratedConstructorAccessor43'

Classes redefined (0 events):
No events

Internal exceptions (20 events):
Event: 3359.715 Thread 0x0000013b00db9530 Exception <a 'sun/nio/fs/WindowsException'{0x00000000eac9d2e0}> (0x00000000eac9d2e0) 
thrown [s\src\hotspot\share\prims\jni.cpp, line 516]
Event: 3359.715 Thread 0x0000013b00db9530 Exception <a 'sun/nio/fs/WindowsException'{0x00000000eac9dc40}> (0x00000000eac9dc40) 
thrown [s\src\hotspot\share\prims\jni.cpp, line 516]
Event: 3359.715 Thread 0x0000013b00db9530 Exception <a 'sun/nio/fs/WindowsException'{0x00000000eac9df10}> (0x00000000eac9df10) 
thrown [s\src\hotspot\share\prims\jni.cpp, line 516]
Event: 3433.270 Thread 0x0000013b7f678ff0 Exception <a 'sun/nio/fs/WindowsException'{0x00000000eaf7e308}> (0x00000000eaf7e308) 
thrown [s\src\hotspot\share\prims\jni.cpp, line 516]
Event: 3433.307 Thread 0x0000013b7f678ff0 Exception <a 'sun/nio/fs/WindowsException'{0x00000000eabc49b0}> (0x00000000eabc49b0) 
thrown [s\src\hotspot\share\prims\jni.cpp, line 516]
Event: 3442.810 Thread 0x0000013b018ea6a0 Exception <a 'java/lang/ArrayIndexOutOfBoundsException'{0x00000000eac72118}> (0x00000000eac72118) 
thrown [s\src\hotspot\share\runtime\sharedRuntime.cpp, line 631]
Event: 3444.313 Thread 0x0000013b018ea6a0 Exception <a 'java/lang/ArrayIndexOutOfBoundsException'{0x00000000ead97178}> (0x00000000ead97178) 
thrown [s\src\hotspot\share\runtime\sharedRuntime.cpp, line 631]
Event: 3448.657 Thread 0x0000013b00db6290 Exception <a 'java/lang/ArrayIndexOutOfBoundsException'{0x00000000eabd8978}> (0x00000000eabd8978) 
thrown [s\src\hotspot\share\runtime\sharedRuntime.cpp, line 631]
Event: 3449.290 Thread 0x0000013b00db71c0 Exception <a 'java/lang/ArrayIndexOutOfBoundsException'{0x00000000eab10b70}> (0x00000000eab10b70) 
thrown [s\src\hotspot\share\runtime\sharedRuntime.cpp, line 631]
Event: 3449.626 Thread 0x0000013b00db71c0 Exception <a 'java/lang/ArrayIndexOutOfBoundsException'{0x00000000eac9cc70}> (0x00000000eac9cc70) 
thrown [s\src\hotspot\share\runtime\sharedRuntime.cpp, line 631]
Event: 3449.835 Thread 0x0000013b00db71c0 Exception <a 'java/lang/ArrayIndexOutOfBoundsException'{0x00000000eaba7b80}> (0x00000000eaba7b80) 
thrown [s\src\hotspot\share\runtime\sharedRuntime.cpp, line 631]
Event: 3450.489 Thread 0x0000013b018ea6a0 Exception <a 'java/lang/ArrayIndexOutOfBoundsException'{0x00000000eac774e8}> (0x00000000eac774e8) 
thrown [s\src\hotspot\share\runtime\sharedRuntime.cpp, line 631]
Event: 3451.059 Thread 0x0000013b018ea6a0 Exception <a 'java/lang/ArrayIndexOutOfBoundsException'{0x00000000eacd2500}> (0x00000000eacd2500) 
thrown [s\src\hotspot\share\runtime\sharedRuntime.cpp, line 631]
Event: 3451.066 Thread 0x0000013b018ea6a0 Exception <a 'java/lang/ArrayIndexOutOfBoundsException'{0x00000000eabb4520}> (0x00000000eabb4520) 
thrown [s\src\hotspot\share\runtime\sharedRuntime.cpp, line 631]
Event: 3451.067 Thread 0x0000013b018ea6a0 Exception <a 'java/lang/ArrayIndexOutOfBoundsException'{0x00000000eabc5390}> (0x00000000eabc5390) 
thrown [s\src\hotspot\share\runtime\sharedRuntime.cpp, line 631]
Event: 3451.067 Thread 0x0000013b018ea6a0 Exception <a 'java/lang/ArrayIndexOutOfBoundsException'{0x00000000eabc5a48}> (0x00000000eabc5a48) 
thrown [s\src\hotspot\share\runtime\sharedRuntime.cpp, line 631]
Event: 3459.616 Thread 0x0000013b7f678ff0 Exception <a 'sun/nio/fs/WindowsException'{0x00000000eab2f748}> (0x00000000eab2f748) 
thrown [s\src\hotspot\share\prims\jni.cpp, line 516]
Event: 3459.652 Thread 0x0000013b7f678ff0 Exception <a 'sun/nio/fs/WindowsException'{0x00000000eab14070}> (0x00000000eab14070) 
thrown [s\src\hotspot\share\prims\jni.cpp, line 516]
Event: 3462.177 Thread 0x0000013b7f678ff0 Exception <a 'sun/nio/fs/WindowsException'{0x00000000eadb0c30}> (0x00000000eadb0c30) 
thrown [s\src\hotspot\share\prims\jni.cpp, line 516]
Event: 3462.206 Thread 0x0000013b7f678ff0 Exception <a 'sun/nio/fs/WindowsException'{0x00000000eab8e628}> (0x00000000eab8e628) 
thrown [s\src\hotspot\share\prims\jni.cpp, line 516]

VM Operations (20 events):
Event: 3511.184 Executing VM operation: ParallelGCFailedAllocation
Event: 3511.187 Executing VM operation: ParallelGCFailedAllocation done
Event: 3511.204 Executing VM operation: ParallelGCFailedAllocation
Event: 3511.207 Executing VM operation: ParallelGCFailedAllocation done
Event: 3511.388 Executing VM operation: ParallelGCFailedAllocation
Event: 3511.389 Executing VM operation: ParallelGCFailedAllocation done
Event: 3511.405 Executing VM operation: ParallelGCFailedAllocation
Event: 3511.407 Executing VM operation: ParallelGCFailedAllocation done
Event: 3511.789 Executing VM operation: ParallelGCFailedAllocation
Event: 3511.790 Executing VM operation: ParallelGCFailedAllocation done
Event: 3511.803 Executing VM operation: ParallelGCFailedAllocation
Event: 3511.804 Executing VM operation: ParallelGCFailedAllocation done
Event: 3511.973 Executing VM operation: ParallelGCFailedAllocation
Event: 3511.974 Executing VM operation: ParallelGCFailedAllocation done
Event: 3511.984 Executing VM operation: ParallelGCFailedAllocation
Event: 3511.986 Executing VM operation: ParallelGCFailedAllocation done
Event: 3512.005 Executing VM operation: ParallelGCFailedAllocation
Event: 3512.007 Executing VM operation: ParallelGCFailedAllocation done
Event: 3512.406 Executing VM operation: ParallelGCFailedAllocation
Event: 3512.575 Executing VM operation: ParallelGCFailedAllocation done

Events (20 events):
Event: 3360.061 Thread 0x0000013b00b28140 Thread exited: 0x0000013b00b28140
Event: 3361.173 Thread 0x0000013b00db6cb0 Thread added: 0x0000013b00db6cb0
Event: 3361.174 Thread 0x0000013b00db9f50 Thread exited: 0x0000013b00db9f50
Event: 3361.280 Thread 0x0000013b00db6cb0 Thread exited: 0x0000013b00db6cb0
Event: 3390.075 Thread 0x0000013b00b29a90 Thread exited: 0x0000013b00b29a90
Event: 3419.805 Thread 0x0000013b00b24ea0 Thread exited: 0x0000013b00b24ea0
Event: 3431.300 Thread 0x0000013b00db6cb0 Thread added: 0x0000013b00db6cb0
Event: 3431.473 Thread 0x0000013b00db7be0 Thread added: 0x0000013b00db7be0
Event: 3431.474 Thread 0x0000013b00db7be0 Thread exited: 0x0000013b00db7be0
Event: 3433.306 Thread 0x0000013b00dbc2c0 Thread added: 0x0000013b00dbc2c0
Event: 3433.327 Thread 0x0000013b00dbc2c0 Thread exited: 0x0000013b00dbc2c0
Event: 3442.842 Thread 0x0000013b00dbc2c0 Thread added: 0x0000013b00dbc2c0
Event: 3459.673 Thread 0x0000013b00dbc7d0 Thread added: 0x0000013b00dbc7d0
Event: 3459.680 Thread 0x0000013b00db7be0 Thread added: 0x0000013b00db7be0
Event: 3459.712 Thread 0x0000013b00db7be0 Thread exited: 0x0000013b00db7be0
Event: 3462.256 Thread 0x0000013b00dbb390 Thread added: 0x0000013b00dbb390
Event: 3462.269 Thread 0x0000013b00dbb390 Thread exited: 0x0000013b00dbb390
Event: 3480.104 Thread 0x0000013b00db9530 Thread exited: 0x0000013b00db9530
Event: 3510.111 Thread 0x0000013b00b25dd0 Thread exited: 0x0000013b00b25dd0
Event: 3510.529 Thread 0x0000013b00dbc2c0 Thread exited: 0x0000013b00dbc2c0


Dynamic libraries:
0x00007ff652d60000 - 0x00007ff652d6e000 	c:\Users\sibay\.vscode\extensions\redhat.java-1.25.1-win32-x64\jre\17.0.9-win32-x86_64\bin\java.exe
0x00007ffbfa7f0000 - 0x00007ffbfa9e8000 	C:\WINDOWS\SYSTEM32\ntdll.dll
0x00007ffbf9740000 - 0x00007ffbf97fd000 	C:\WINDOWS\System32\KERNEL32.DLL
0x00007ffbf83d0000 - 0x00007ffbf86c6000 	C:\WINDOWS\System32\KERNELBASE.dll
0x00007ffbf7fd0000 - 0x00007ffbf80d0000 	C:\WINDOWS\System32\ucrtbase.dll
0x00007ffbe91d0000 - 0x00007ffbe91e7000 	c:\Users\sibay\.vscode\extensions\redhat.java-1.25.1-win32-x64\jre\17.0.9-win32-x86_64\bin\jli.dll
0x00007ffbe29d0000 - 0x00007ffbe29eb000 	c:\Users\sibay\.vscode\extensions\redhat.java-1.25.1-win32-x64\jre\17.0.9-win32-x86_64\bin\VCRUNTIME140.dll
0x00007ffbf95a0000 - 0x00007ffbf973e000 	C:\WINDOWS\System32\USER32.dll
0x00007ffbf8700000 - 0x00007ffbf8722000 	C:\WINDOWS\System32\win32u.dll
0x00007ffbdfc90000 - 0x00007ffbdff2a000 	C:\WINDOWS\WinSxS\amd64_microsoft.windows.common-controls_6595b64144ccf1df_6.0.19041.3636_none_60b6a03d71f818d5\COMCTL32.dll
0x00007ffbfa580000 - 0x00007ffbfa5ac000 	C:\WINDOWS\System32\GDI32.dll
0x00007ffbf9870000 - 0x00007ffbf990e000 	C:\WINDOWS\System32\msvcrt.dll
0x00007ffbf8730000 - 0x00007ffbf884a000 	C:\WINDOWS\System32\gdi32full.dll
0x00007ffbf8230000 - 0x00007ffbf82cd000 	C:\WINDOWS\System32\msvcp_win.dll
0x00007ffbfa4a0000 - 0x00007ffbfa4d0000 	C:\WINDOWS\System32\IMM32.DLL
0x00007ffbf1dc0000 - 0x00007ffbf1dcc000 	c:\Users\sibay\.vscode\extensions\redhat.java-1.25.1-win32-x64\jre\17.0.9-win32-x86_64\bin\vcruntime140_1.dll
0x00007ffbb3c10000 - 0x00007ffbb3c9d000 	c:\Users\sibay\.vscode\extensions\redhat.java-1.25.1-win32-x64\jre\17.0.9-win32-x86_64\bin\msvcp140.dll
0x00007ffb8bef0000 - 0x00007ffb8cb51000 	c:\Users\sibay\.vscode\extensions\redhat.java-1.25.1-win32-x64\jre\17.0.9-win32-x86_64\bin\server\jvm.dll
0x00007ffbfa700000 - 0x00007ffbfa7af000 	C:\WINDOWS\System32\ADVAPI32.dll
0x00007ffbf8850000 - 0x00007ffbf88ec000 	C:\WINDOWS\System32\sechost.dll
0x00007ffbfa5b0000 - 0x00007ffbfa6d6000 	C:\WINDOWS\System32\RPCRT4.dll
0x00007ffbf7c80000 - 0x00007ffbf7ccb000 	C:\WINDOWS\SYSTEM32\POWRPROF.dll
0x00007ffbd6ad0000 - 0x00007ffbd6ad9000 	C:\WINDOWS\SYSTEM32\WSOCK32.dll
0x00007ffbecef0000 - 0x00007ffbecefa000 	C:\WINDOWS\SYSTEM32\VERSION.dll
0x00007ffbfa2d0000 - 0x00007ffbfa33b000 	C:\WINDOWS\System32\WS2_32.dll
0x00007ffbf51f0000 - 0x00007ffbf5217000 	C:\WINDOWS\SYSTEM32\WINMM.dll
0x00007ffbf7c60000 - 0x00007ffbf7c72000 	C:\WINDOWS\SYSTEM32\UMPDC.dll
0x00007ffbf66e0000 - 0x00007ffbf66f2000 	C:\WINDOWS\SYSTEM32\kernel.appcore.dll
0x00007ffbf1d90000 - 0x00007ffbf1d9a000 	c:\Users\sibay\.vscode\extensions\redhat.java-1.25.1-win32-x64\jre\17.0.9-win32-x86_64\bin\jimage.dll
0x00007ffbf59e0000 - 0x00007ffbf5bc4000 	C:\WINDOWS\SYSTEM32\DBGHELP.DLL
0x00007ffbdfc50000 - 0x00007ffbdfc84000 	C:\WINDOWS\SYSTEM32\dbgcore.DLL
0x00007ffbf82d0000 - 0x00007ffbf8352000 	C:\WINDOWS\System32\bcryptPrimitives.dll
0x00007ffbf1cf0000 - 0x00007ffbf1cfe000 	c:\Users\sibay\.vscode\extensions\redhat.java-1.25.1-win32-x64\jre\17.0.9-win32-x86_64\bin\instrument.dll
0x00007ffbca020000 - 0x00007ffbca045000 	c:\Users\sibay\.vscode\extensions\redhat.java-1.25.1-win32-x64\jre\17.0.9-win32-x86_64\bin\java.dll
0x00007ffbca000000 - 0x00007ffbca018000 	c:\Users\sibay\.vscode\extensions\redhat.java-1.25.1-win32-x64\jre\17.0.9-win32-x86_64\bin\zip.dll
0x00007ffbf8950000 - 0x00007ffbf9094000 	C:\WINDOWS\System32\SHELL32.dll
0x00007ffbf5f30000 - 0x00007ffbf66cb000 	C:\WINDOWS\SYSTEM32\windows.storage.dll
0x00007ffbf9d80000 - 0x00007ffbfa0d4000 	C:\WINDOWS\System32\combase.dll
0x00007ffbf7760000 - 0x00007ffbf778d000 	C:\WINDOWS\SYSTEM32\Wldp.dll
0x00007ffbfa4d0000 - 0x00007ffbfa57d000 	C:\WINDOWS\System32\SHCORE.dll
0x00007ffbfa1c0000 - 0x00007ffbfa215000 	C:\WINDOWS\System32\shlwapi.dll
0x00007ffbf7e00000 - 0x00007ffbf7e25000 	C:\WINDOWS\SYSTEM32\profapi.dll
0x00007ffbc9560000 - 0x00007ffbc9579000 	C:\Users\sibay\.vscode\extensions\redhat.java-1.25.1-win32-x64\jre\17.0.9-win32-x86_64\bin\net.dll
0x00007ffbefa20000 - 0x00007ffbefb2a000 	C:\WINDOWS\SYSTEM32\WINHTTP.dll
0x00007ffbf7540000 - 0x00007ffbf75aa000 	C:\WINDOWS\system32\mswsock.dll
0x00007ffbc93a0000 - 0x00007ffbc93b6000 	C:\Users\sibay\.vscode\extensions\redhat.java-1.25.1-win32-x64\jre\17.0.9-win32-x86_64\bin\nio.dll
0x00007ffbf1c20000 - 0x00007ffbf1c30000 	c:\Users\sibay\.vscode\extensions\redhat.java-1.25.1-win32-x64\jre\17.0.9-win32-x86_64\bin\verify.dll
0x00007ffbd3330000 - 0x00007ffbd336e000 	C:\Users\sibay\AppData\Roaming\Code\User\globalStorage\redhat.java\1.25.1\config_win\org.eclipse.equinox.launcher\org.eclipse.equinox.launcher.win32.win32.x86_64_1.2.800.v20231003-1442\eclipse_11802.dll
0x00007ffbf92c0000 - 0x00007ffbf93eb000 	C:\WINDOWS\System32\ole32.dll
0x00007ffbf77a0000 - 0x00007ffbf77b8000 	C:\WINDOWS\SYSTEM32\CRYPTSP.dll
0x00007ffbf6e90000 - 0x00007ffbf6ec4000 	C:\WINDOWS\system32\rsaenh.dll
0x00007ffbf86d0000 - 0x00007ffbf86f7000 	C:\WINDOWS\System32\bcrypt.dll
0x00007ffbf7d80000 - 0x00007ffbf7dae000 	C:\WINDOWS\SYSTEM32\USERENV.dll
0x00007ffbf76d0000 - 0x00007ffbf76dc000 	C:\WINDOWS\SYSTEM32\CRYPTBASE.dll
0x00007ffbf7250000 - 0x00007ffbf728b000 	C:\WINDOWS\SYSTEM32\IPHLPAPI.DLL
0x00007ffbf9190000 - 0x00007ffbf9198000 	C:\WINDOWS\System32\NSI.dll
0x00007ffbf0fe0000 - 0x00007ffbf0ff7000 	C:\WINDOWS\SYSTEM32\dhcpcsvc6.DLL
0x00007ffbf10d0000 - 0x00007ffbf10ed000 	C:\WINDOWS\SYSTEM32\dhcpcsvc.DLL
0x00007ffbf7290000 - 0x00007ffbf735a000 	C:\WINDOWS\SYSTEM32\DNSAPI.dll
0x00007ffbc3d50000 - 0x00007ffbc3d95000 	C:\Users\sibay\AppData\Local\Temp\jna-109430276\jna3719582804515414857.dll
0x00007ffbfa410000 - 0x00007ffbfa418000 	C:\WINDOWS\System32\PSAPI.DLL
0x00007ffbd4910000 - 0x00007ffbd491e000 	C:\Users\sibay\.vscode\extensions\redhat.java-1.25.1-win32-x64\jre\17.0.9-win32-x86_64\bin\sunmscapi.dll
0x00007ffbf80d0000 - 0x00007ffbf822d000 	C:\WINDOWS\System32\CRYPT32.dll
0x00007ffbf7910000 - 0x00007ffbf7937000 	C:\WINDOWS\SYSTEM32\ncrypt.dll
0x00007ffbf78d0000 - 0x00007ffbf790b000 	C:\WINDOWS\SYSTEM32\NTASN1.dll
0x00007ffbea8e0000 - 0x00007ffbea8ea000 	C:\Windows\System32\rasadhlp.dll
0x00007ffbed2d0000 - 0x00007ffbed350000 	C:\WINDOWS\System32\fwpuclnt.dll

dbghelp: loaded successfully - version: 4.0.5 - missing functions: none
symbol engine: initialized successfully - sym options: 0x614 - pdb path: .;c:\Users\sibay\.vscode\extensions\redhat.java-1.25.1-win32-x64\jre\17.0.9-win32-x86_64\bin;C:\WINDOWS\SYSTEM32;C:\WINDOWS\WinSxS\amd64_microsoft.windows.common-controls_6595b64144ccf1df_6.0.19041.3636_none_60b6a03d71f818d5;c:\Users\sibay\.vscode\extensions\redhat.java-1.25.1-win32-x64\jre\17.0.9-win32-x86_64\bin\server;C:\Users\sibay\AppData\Roaming\Code\User\globalStorage\redhat.java\1.25.1\config_win\org.eclipse.equinox.launcher\org.eclipse.equinox.launcher.win32.win32.x86_64_1.2.800.v20231003-1442;C:\Users\sibay\AppData\Local\Temp\jna-109430276

VM Arguments:
jvm_args: --add-modules=ALL-SYSTEM --add-opens=java.base/java.util=ALL-UNNAMED --add-opens=java.base/java.lang=ALL-UNNAMED --add-opens=java.base/sun.nio.fs=ALL-UNNAMED -Declipse.application=org.eclipse.jdt.ls.core.id1 -Dosgi.bundles.defaultStartLevel=4 -Declipse.product=org.eclipse.jdt.ls.core.product -Djava.import.generatesMetadataFilesAtProjectRoot=false -DDetectVMInstallationsJob.disabled=true -Dfile.encoding=utf8 -XX:+UseParallelGC -XX:GCTimeRatio=4 -XX:AdaptiveSizePolicyWeight=90 -Dsun.zip.disableMemoryMapping=true -Xmx1G -Xms100m -Xlog:disable -javaagent:c:\Users\sibay\.vscode\extensions\redhat.java-1.25.1-win32-x64\lombok\lombok-1.18.30.jar -XX:+HeapDumpOnOutOfMemoryError -XX:HeapDumpPath=c:\Users\sibay\AppData\Roaming\Code\User\workspaceStorage\1b3b0577ac70c305518904fa67843254\redhat.java -Daether.dependencyCollector.impl=bf 
java_command: c:\Users\sibay\.vscode\extensions\redhat.java-1.25.1-win32-x64\server\plugins\org.eclipse.equinox.launcher_1.6.600.v20231106-1826.jar -configuration c:\Users\sibay\AppData\Roaming\Code\User\globalStorage\redhat.java\1.25.1\config_win -data c:\Users\sibay\AppData\Roaming\Code\User\workspaceStorage\1b3b0577ac70c305518904fa67843254\redhat.java\jdt_ws --stdio
java_class_path (initial): c:\Users\sibay\.vscode\extensions\redhat.java-1.25.1-win32-x64\server\plugins\org.eclipse.equinox.launcher_1.6.600.v20231106-1826.jar
Launcher Type: SUN_STANDARD

[Global flags]
    uintx AdaptiveSizePolicyWeight                 = 90                                        {product} {command line}
     intx CICompilerCount                          = 4                                         {product} {ergonomic}
    uintx GCTimeRatio                              = 4                                         {product} {command line}
     bool HeapDumpOnOutOfMemoryError               = true                                   {manageable} {command line}
    ccstr HeapDumpPath                             = c:\Users\sibay\AppData\Roaming\Code\User\workspaceStorage\1b3b0577ac70c305518904fa67843254\redhat.java         {manageable} {command line}
   size_t InitialHeapSize                          = 104857600                                 {product} {command line}
   size_t MaxHeapSize                              = 1073741824                                {product} {command line}
   size_t MaxNewSize                               = 357564416                                 {product} {ergonomic}
   size_t MinHeapDeltaBytes                        = 524288                                    {product} {ergonomic}
   size_t MinHeapSize                              = 104857600                                 {product} {command line}
   size_t NewSize                                  = 34603008                                  {product} {ergonomic}
    uintx NonNMethodCodeHeapSize                   = 5839372                                {pd product} {ergonomic}
    uintx NonProfiledCodeHeapSize                  = 122909434                              {pd product} {ergonomic}
   size_t OldSize                                  = 70254592                                  {product} {ergonomic}
    uintx ProfiledCodeHeapSize                     = 122909434                              {pd product} {ergonomic}
    uintx ReservedCodeCacheSize                    = 251658240                              {pd product} {ergonomic}
     bool SegmentedCodeCache                       = true                                      {product} {ergonomic}
   size_t SoftMaxHeapSize                          = 1073741824                             {manageable} {ergonomic}
     bool UseCompressedClassPointers               = true                           {product lp64_product} {ergonomic}
     bool UseCompressedOops                        = true                           {product lp64_product} {ergonomic}
     bool UseLargePagesIndividualAllocation        = false                                  {pd product} {ergonomic}
     bool UseParallelGC                            = true                                      {product} {command line}

Logging:
Log output configuration:
 #0: stdout all=off uptime,level,tags
 #1: stderr all=off uptime,level,tags

Environment Variables:
JAVA_HOME=C:\Users\sibay\AppData\Local\Programs\Eclipse Adoptium\jdk-17.0.7.7-hotspot\
PATH=C:\Program Files (x86)\Common Files\Oracle\Java\javapath;C:\WINDOWS\system32;C:\WINDOWS;C:\WINDOWS\System32\Wbem;C:\WINDOWS\System32\WindowsPowerShell\v1.0\;C:\WINDOWS\System32\OpenSSH\;C:\Program Files\Cloudflare\Cloudflare WARP\;C:\Program Files\Git\cmd;C:\Users\sibay\AppData\Roaming\nvm;C:\Program Files\nodejs;C:\Program Files\dotnet\;C:\Program Files (x86)\dotnet\;C:\Program Files\GitHub CLI\;C:\Program Files (x86)\Windows Kits\10\Windows Performance Toolkit\;C:\Program Files\Go\bin;C:\Program Files\Docker\Docker\resources\bin;C:\xampp\php;C:\ProgramData\ComposerSetup\bin;C:\Program Files\Microsoft SQL Server\150\Tools\Binn\;C:\Program Files\Microsoft SQL Server\Client SDK\ODBC\170\Tools\Binn\;C:\Program Files\PowerShell\7\;C:\Program Files\MySQL\MySQL Shell 8.0\bin\;C:\Users\sibay\.cargo\bin;C:\Users\sibay\AppData\Local\pnpm;C:\Users\sibay\.console-ninja\.bin;C:\Users\sibay\scoop\shims;C:\Users\sibay\AppData\Local\Programs\Eclipse Adoptium\jdk-17.0.7.7-hotspot\bin;C:\Users\sibay\AppData\Local\Microsoft\WindowsApps;C:\Users\sibay\AppData\Local\Programs\Microsoft VS Code\bin;C:\Users\sibay\AppData\Local\Programs\oh-my-posh\bin;C:\Users\sibay\AppData\Local\Programs\Hyper\resources\bin;C:\Users\sibay\AppData\Roaming\nvm;C:\Program Files\nodejs;C:\Program Files\Neovim\bin;C:\Users\User\AppData\Roaming\npm\eslint_d;C:\sqlite;C:\Program Files\PostgreSQL\15\bin;C:\msys64\mingw64\bin;C:\Users\sibay\go\bin;C:\Program Files\MySQL\MySQL Server 8.0\bin;C:\Users\sibay\.dotnet\tools;C:\Program Files\JetBrains\JetBrains Rider 2023.2.2\bin;;C:\Users\sibay\AppData\Roaming\Composer\vendor\bin;C:\xampp\php;;C:\Program Files\JetBrains\IntelliJ IDEA 2023.3\bin;
USERNAME=sibay
OS=Windows_NT
PROCESSOR_IDENTIFIER=AMD64 Family 23 Model 24 Stepping 1, AuthenticAMD
TMP=C:\Users\sibay\AppData\Local\Temp
TEMP=C:\Users\sibay\AppData\Local\Temp



Periodic native trim disabled


---------------  S Y S T E M  ---------------

OS:
 Windows 10 , 64 bit Build 19041 (10.0.19041.3636)
OS uptime: 3 days 23:59 hours
Hyper-V role detected

CPU: total 8 (initial active 8) (8 cores per cpu, 2 threads per core) family 23 model 24 stepping 1 microcode 0x0, cx8, cmov, fxsr, ht, mmx, 3dnowpref, sse, sse2, sse3, ssse3, sse4a, sse4.1, sse4.2, popcnt, lzcnt, tsc, tscinvbit, avx, avx2, aes, clmul, bmi1, bmi2, adx, sha, fma, vzeroupper, clflush, clflushopt, hv
Processor Information for all 8 processors :
  Max Mhz: 2100, Current Mhz: 2100, Mhz Limit: 2100

Memory: 4k page, system-wide physical 7103M (780M free)
TotalPageFile size 26305M (AvailPageFile size 0M)
current process WorkingSet (physical memory assigned to process): 401M, peak: 715M
current process commit charge ("private bytes"): 496M, peak: 684M

vm_info: OpenJDK 64-Bit Server VM (17.0.9+9) for windows-amd64 JRE (17.0.9+9), built on Oct 26 2023 14:01:42 by "admin" with MS VC++ 16.10 / 16.11 (VS2019)

END.
