#
# There is insufficient memory for the Java Runtime Environment to continue.
# Native memory allocation (malloc) failed to allocate 997216 bytes for Chunk::new
# Possible reasons:
#   The system is out of physical RAM or swap space
#   The process is running with CompressedOops enabled, and the Java Heap may be blocking the growth of the native heap
# Possible solutions:
#   Reduce memory load on the system
#   Increase physical memory or swap space
#   Check if swap backing store is full
#   Decrease Java heap size (-Xmx/-Xms)
#   Decrease number of Java threads
#   Decrease Java thread stack sizes (-Xss)
#   Set larger code cache with -XX:ReservedCodeCacheSize=
#   JVM is running with Unscaled Compressed Oops mode in which the Java heap is
#     placed in the first 4GB address space. The Java Heap base address is the
#     maximum limit for the native heap growth. Please use -XX:HeapBaseMinAddress
#     to set the Java Heap base and to place the Java Heap above 4GB virtual address.
# This output file may be truncated or incomplete.
#
#  Out of Memory Error (arena.cpp:191), pid=19604, tid=21612
#
# JRE version: OpenJDK Runtime Environment Temurin-17.0.9+9 (17.0.9+9) (build 17.0.9+9)
# Java VM: OpenJDK 64-Bit Server VM Temurin-17.0.9+9 (17.0.9+9, mixed mode, tiered, compressed oops, compressed class ptrs, parallel gc, windows-amd64)
# No core dump will be written. Minidumps are not enabled by default on client versions of Windows
#

---------------  S U M M A R Y ------------

Command Line: --add-modules=ALL-SYSTEM --add-opens=java.base/java.util=ALL-UNNAMED --add-opens=java.base/java.lang=ALL-UNNAMED --add-opens=java.base/sun.nio.fs=ALL-UNNAMED -Declipse.application=org.eclipse.jdt.ls.core.id1 -Dosgi.bundles.defaultStartLevel=4 -Declipse.product=org.eclipse.jdt.ls.core.product -Djava.import.generatesMetadataFilesAtProjectRoot=false -DDetectVMInstallationsJob.disabled=true -Dfile.encoding=utf8 -XX:+UseParallelGC -XX:GCTimeRatio=4 -XX:AdaptiveSizePolicyWeight=90 -Dsun.zip.disableMemoryMapping=true -Xmx1G -Xms100m -Xlog:disable -javaagent:c:\Users\sibay\.vscode\extensions\redhat.java-1.25.1-win32-x64\lombok\lombok-1.18.30.jar -XX:+HeapDumpOnOutOfMemoryError -XX:HeapDumpPath=c:\Users\sibay\AppData\Roaming\Code\User\workspaceStorage\1b3b0577ac70c305518904fa67843254\redhat.java -Daether.dependencyCollector.impl=bf c:\Users\sibay\.vscode\extensions\redhat.java-1.25.1-win32-x64\server\plugins\org.eclipse.equinox.launcher_1.6.600.v20231106-1826.jar -configuration c:\Users\sibay\AppData\Roaming\Code\User\globalStorage\redhat.java\1.25.1\config_win -data c:\Users\sibay\AppData\Roaming\Code\User\workspaceStorage\1b3b0577ac70c305518904fa67843254\redhat.java\jdt_ws --stdio

Host: AMD Ryzen 5 3500U with Radeon Vega Mobile Gfx  , 8 cores, 6G,  Windows 10 , 64 bit Build 19041 (10.0.19041.3636)
Time: Sun Dec 17 07:35:19 2023 Malay Peninsula Standard Time elapsed time: 16.982618 seconds (0d 0h 0m 16s)

---------------  T H R E A D  ---------------

Current thread (0x00000202605a2900):  JavaThread "C2 CompilerThread0" daemon [_thread_in_native, id=21612, stack(0x0000000b4a500000,0x0000000b4a600000)]


Current CompileTask:
C2:  16982 5690   !   4       org.eclipse.osgi.internal.loader.classpath.ClasspathManager::defineClass (636 bytes)

Stack: [0x0000000b4a500000,0x0000000b4a600000]
Native frames: (J=compiled Java code, j=interpreted, Vv=VM code, C=native code)
V  [jvm.dll+0x67cf49]
V  [jvm.dll+0x83478a]
V  [jvm.dll+0x83624e]
V  [jvm.dll+0x8368b3]
V  [jvm.dll+0x247f1f]
V  [jvm.dll+0xac43c]
V  [jvm.dll+0xaca8c]
V  [jvm.dll+0x2af45f]
V  [jvm.dll+0x5853f7]
V  [jvm.dll+0x222f62]
V  [jvm.dll+0x22334f]
V  [jvm.dll+0x21c476]
V  [jvm.dll+0x2198c1]
V  [jvm.dll+0x1a57cd]
V  [jvm.dll+0x2297ae]
V  [jvm.dll+0x22797c]
V  [jvm.dll+0x7e9877]
V  [jvm.dll+0x7e3c3a]
V  [jvm.dll+0x67be35]
C  [ucrtbase.dll+0x21bb2]
C  [KERNEL32.DLL+0x17344]
C  [ntdll.dll+0x526b1]


---------------  P R O C E S S  ---------------

Threads class SMR info:
_java_thread_list=0x0000020262a3af00, length=27, elements={
0x000002024740b2f0, 0x0000020260583010, 0x0000020260584020, 0x000002025b2ad2b0,
0x000002025b2ae040, 0x000002026059e010, 0x00000202605a1d00, 0x00000202605a2900,
0x0000020260606150, 0x000002026060ce40, 0x000002024746fec0, 0x00000202608d20e0,
0x0000020261acf740, 0x0000020261b2cc00, 0x000002026201bd30, 0x000002026241e980,
0x000002026241d450, 0x00000202623c0b80, 0x00000202623c0670, 0x00000202623bed20,
0x00000202623bf230, 0x00000202623c0160, 0x00000202623bd3d0, 0x00000202623be810,
0x00000202623bf740, 0x00000202645a48c0, 0x00000202645a6210
}

Java Threads: ( => current thread )
  0x000002024740b2f0 JavaThread "main" [_thread_blocked, id=3328, stack(0x0000000b49c00000,0x0000000b49d00000)]
  0x0000020260583010 JavaThread "Reference Handler" daemon [_thread_blocked, id=9168, stack(0x0000000b49f00000,0x0000000b4a000000)]
  0x0000020260584020 JavaThread "Finalizer" daemon [_thread_blocked, id=8720, stack(0x0000000b4a000000,0x0000000b4a100000)]
  0x000002025b2ad2b0 JavaThread "Signal Dispatcher" daemon [_thread_blocked, id=8016, stack(0x0000000b4a100000,0x0000000b4a200000)]
  0x000002025b2ae040 JavaThread "Attach Listener" daemon [_thread_blocked, id=27068, stack(0x0000000b4a200000,0x0000000b4a300000)]
  0x000002026059e010 JavaThread "Service Thread" daemon [_thread_blocked, id=27600, stack(0x0000000b4a300000,0x0000000b4a400000)]
  0x00000202605a1d00 JavaThread "Monitor Deflation Thread" daemon [_thread_blocked, id=18320, stack(0x0000000b4a400000,0x0000000b4a500000)]
=>0x00000202605a2900 JavaThread "C2 CompilerThread0" daemon [_thread_in_native, id=21612, stack(0x0000000b4a500000,0x0000000b4a600000)]
  0x0000020260606150 JavaThread "C1 CompilerThread0" daemon [_thread_in_native, id=8460, stack(0x0000000b4a600000,0x0000000b4a700000)]
  0x000002026060ce40 JavaThread "Sweeper thread" daemon [_thread_blocked, id=26636, stack(0x0000000b4a700000,0x0000000b4a800000)]
  0x000002024746fec0 JavaThread "Common-Cleaner" daemon [_thread_blocked, id=20540, stack(0x0000000b4a800000,0x0000000b4a900000)]
  0x00000202608d20e0 JavaThread "Notification Thread" daemon [_thread_blocked, id=25532, stack(0x0000000b4a900000,0x0000000b4aa00000)]
  0x0000020261acf740 JavaThread "Active Thread: Equinox Container: df022cf5-1e09-4658-a470-fd57a5b4607a" [_thread_blocked, id=13340, stack(0x0000000b4b100000,0x0000000b4b200000)]
  0x0000020261b2cc00 JavaThread "Framework Event Dispatcher: Equinox Container: df022cf5-1e09-4658-a470-fd57a5b4607a" daemon [_thread_blocked, id=22940, stack(0x0000000b4b200000,0x0000000b4b300000)]
  0x000002026201bd30 JavaThread "Start Level: Equinox Container: df022cf5-1e09-4658-a470-fd57a5b4607a" daemon [_thread_blocked, id=11520, stack(0x0000000b4b300000,0x0000000b4b400000)]
  0x000002026241e980 JavaThread "Bundle File Closer" daemon [_thread_blocked, id=21960, stack(0x0000000b4b500000,0x0000000b4b600000)]
  0x000002026241d450 JavaThread "SCR Component Actor" daemon [_thread_blocked, id=7752, stack(0x0000000b4b600000,0x0000000b4b700000)]
  0x00000202623c0b80 JavaThread "Worker-JM" [_thread_blocked, id=26800, stack(0x0000000b4b800000,0x0000000b4b900000)]
  0x00000202623c0670 JavaThread "Worker-0" [_thread_blocked, id=21012, stack(0x0000000b4b900000,0x0000000b4ba00000)]
  0x00000202623bed20 JavaThread "Worker-1" [_thread_blocked, id=8264, stack(0x0000000b4ba00000,0x0000000b4bb00000)]
  0x00000202623bf230 JavaThread "Worker-2: Initialize Workspace" [_thread_in_Java, id=9720, stack(0x0000000b4bb00000,0x0000000b4bc00000)]
  0x00000202623c0160 JavaThread "Worker-3" [_thread_blocked, id=17436, stack(0x0000000b4bc00000,0x0000000b4bd00000)]
  0x00000202623bd3d0 JavaThread "Java indexing" daemon [_thread_blocked, id=21528, stack(0x0000000b4bd00000,0x0000000b4be00000)]
  0x00000202623be810 JavaThread "JNA Cleaner" daemon [_thread_blocked, id=6508, stack(0x0000000b4be00000,0x0000000b4bf00000)]
  0x00000202623bf740 JavaThread "pool-2-thread-1" [_thread_blocked, id=11416, stack(0x0000000b4c100000,0x0000000b4c200000)]
  0x00000202645a48c0 JavaThread "WorkspaceEventsHandler" [_thread_blocked, id=24616, stack(0x0000000b4c200000,0x0000000b4c300000)]
  0x00000202645a6210 JavaThread "pool-1-thread-1" [_thread_blocked, id=25956, stack(0x0000000b4c300000,0x0000000b4c400000)]

Other Threads:
  0x00000202474c6ba0 VMThread "VM Thread" [stack: 0x0000000b49e00000,0x0000000b49f00000] [id=24932]
  0x00000202608d25c0 WatcherThread [stack: 0x0000000b4aa00000,0x0000000b4ab00000] [id=16704]
  0x0000020247422880 GCTaskThread "GC Thread#0" [stack: 0x0000000b49d00000,0x0000000b49e00000] [id=22848]
  0x0000020261aa5c40 GCTaskThread "GC Thread#1" [stack: 0x0000000b4ab00000,0x0000000b4ac00000] [id=7616]
  0x0000020261aa5690 GCTaskThread "GC Thread#2" [stack: 0x0000000b4ac00000,0x0000000b4ad00000] [id=22440]
  0x0000020261b61420 GCTaskThread "GC Thread#3" [stack: 0x0000000b4ad00000,0x0000000b4ae00000] [id=25312]
  0x0000020261b616e0 GCTaskThread "GC Thread#4" [stack: 0x0000000b4ae00000,0x0000000b4af00000] [id=15636]
  0x000002026172c410 GCTaskThread "GC Thread#5" [stack: 0x0000000b4af00000,0x0000000b4b000000] [id=8456]
  0x000002026172c6d0 GCTaskThread "GC Thread#6" [stack: 0x0000000b4b000000,0x0000000b4b100000] [id=18524]
  0x0000020261b2d0e0 GCTaskThread "GC Thread#7" [stack: 0x0000000b4b400000,0x0000000b4b500000] [id=2040]

Threads with active compile tasks:
C2 CompilerThread0    17032 5690   !   4       org.eclipse.osgi.internal.loader.classpath.ClasspathManager::defineClass (636 bytes)

VM state: not at safepoint (normal execution)

VM Mutex/Monitor currently owned by a thread: None

Heap address: 0x00000000c0000000, size: 1024 MB, Compressed Oops mode: 32-bit

CDS archive(s) not mapped
Compressed class space mapped at: 0x0000000100000000-0x0000000140000000, reserved size: 1073741824
Narrow klass base: 0x0000000000000000, Narrow klass shift: 3, Narrow klass range: 0x140000000

GC Precious Log:
 CPUs: 8 total, 8 available
 Memory: 7103M
 Large Page Support: Disabled
 NUMA Support: Disabled
 Compressed Oops: Enabled (32-bit)
 Alignments: Space 512K, Generation 512K, Heap 2M
 Heap Min Capacity: 100M
 Heap Initial Capacity: 100M
 Heap Max Capacity: 1G
 Pre-touch: Disabled
 Parallel Workers: 8

Heap:
 PSYoungGen      total 23552K, used 5385K [0x00000000eab00000, 0x00000000ec580000, 0x0000000100000000)
  eden space 20992K, 15% used [0x00000000eab00000,0x00000000eae32668,0x00000000ebf80000)
  from space 2560K, 82% used [0x00000000ebf80000,0x00000000ec190020,0x00000000ec200000)
  to   space 3072K, 0% used [0x00000000ec280000,0x00000000ec280000,0x00000000ec580000)
 ParOldGen       total 68608K, used 20473K [0x00000000c0000000, 0x00000000c4300000, 0x00000000eab00000)
  object space 68608K, 29% used [0x00000000c0000000,0x00000000c13fe778,0x00000000c4300000)
 Metaspace       used 51352K, committed 52288K, reserved 1114112K
  class space    used 5539K, committed 5952K, reserved 1048576K

Card table byte_map: [0x0000020246de0000,0x0000020246ff0000] _byte_map_base: 0x00000202467e0000

Marking Bits: (ParMarkBitMap*) 0x00007ffb85b0d0b0
 Begin Bits: [0x00000202590b0000, 0x000002025a0b0000)
 End Bits:   [0x000002025a0b0000, 0x000002025b0b0000)

Polling page: 0x0000020246bd0000

Metaspace:

Usage:
  Non-class:     44.74 MB used.
      Class:      5.41 MB used.
       Both:     50.15 MB used.

Virtual space:
  Non-class space:       64.00 MB reserved,      45.25 MB ( 71%) committed,  1 nodes.
      Class space:        1.00 GB reserved,       5.81 MB ( <1%) committed,  1 nodes.
             Both:        1.06 GB reserved,      51.06 MB (  5%) committed. 

Chunk freelists:
   Non-Class:  2.27 MB
       Class:  10.22 MB
        Both:  12.48 MB

MaxMetaspaceSize: unlimited
CompressedClassSpaceSize: 1.00 GB
Initial GC threshold: 21.00 MB
Current GC threshold: 58.38 MB
CDS: off
MetaspaceReclaimPolicy: balanced
 - commit_granule_bytes: 65536.
 - commit_granule_words: 8192.
 - virtual_space_node_default_size: 8388608.
 - enlarge_chunks_in_place: 1.
 - new_chunks_are_fully_committed: 0.
 - uncommit_free_chunks: 1.
 - use_allocation_guard: 0.
 - handle_deallocations: 1.


Internal statistics:

num_allocs_failed_limit: 6.
num_arena_births: 448.
num_arena_deaths: 14.
num_vsnodes_births: 2.
num_vsnodes_deaths: 0.
num_space_committed: 817.
num_space_uncommitted: 0.
num_chunks_returned_to_freelist: 20.
num_chunks_taken_from_freelist: 2404.
num_chunk_merges: 10.
num_chunk_splits: 1472.
num_chunks_enlarged: 863.
num_inconsistent_stats: 0.

CodeHeap 'non-profiled nmethods': size=120000Kb used=1872Kb max_used=2345Kb free=118127Kb
 bounds [0x0000020251b80000, 0x0000020251df0000, 0x00000202590b0000]
CodeHeap 'profiled nmethods': size=120000Kb used=9918Kb max_used=12333Kb free=110081Kb
 bounds [0x000002024a0b0000, 0x000002024acc0000, 0x00000202515e0000]
CodeHeap 'non-nmethods': size=5760Kb used=1284Kb max_used=1309Kb free=4475Kb
 bounds [0x00000202515e0000, 0x0000020251850000, 0x0000020251b80000]
 total_blobs=5555 nmethods=4942 adapters=527
 compilation: enabled
              stopped_count=0, restarted_count=0
 full_count=0

Compilation events (20 events):
Event: 16.956 Thread 0x0000020260606150 5762  s    3       java.lang.StringBuffer::append (13 bytes)
Event: 16.956 Thread 0x0000020260606150 nmethod 5762 0x000002024a0dae10 code [0x000002024a0dafc0, 0x000002024a0db1c8]
Event: 16.956 Thread 0x0000020260606150 5763       2       org.eclipse.jdt.internal.compiler.classfmt.ClassFileStruct::u1At (16 bytes)
Event: 16.956 Thread 0x0000020260606150 nmethod 5763 0x000002024a0c4110 code [0x000002024a0c42a0, 0x000002024a0c43d8]
Event: 16.962 Thread 0x0000020260606150 5764       3       java.util.Properties::load0 (249 bytes)
Event: 16.963 Thread 0x0000020260606150 nmethod 5764 0x000002024a0efb90 code [0x000002024a0efdc0, 0x000002024a0f07e8]
Event: 16.963 Thread 0x0000020260606150 5765       2       jdk.internal.jimage.BasicImageReader::getLocationIndex (52 bytes)
Event: 16.964 Thread 0x0000020260606150 nmethod 5765 0x000002024a112a90 code [0x000002024a112c60, 0x000002024a112ed8]
Event: 16.964 Thread 0x0000020260606150 5766       2       jdk.internal.jimage.BasicImageReader::verifyLocation (39 bytes)
Event: 16.965 Thread 0x0000020260606150 nmethod 5766 0x000002024a0de790 code [0x000002024a0de940, 0x000002024a0deb08]
Event: 16.965 Thread 0x0000020260606150 5767       2       java.lang.reflect.Field::get (29 bytes)
Event: 16.965 Thread 0x0000020260606150 nmethod 5767 0x000002024a151790 code [0x000002024a151960, 0x000002024a151b38]
Event: 16.966 Thread 0x0000020260606150 5769       1       java.util.Collections$EmptySet::contains (2 bytes)
Event: 16.967 Thread 0x0000020260606150 nmethod 5769 0x0000020251c39610 code [0x0000020251c397a0, 0x0000020251c39878]
Event: 16.967 Thread 0x0000020260606150 5770       1       org.eclipse.jdt.internal.core.PackageFragmentRoot::getElementType (2 bytes)
Event: 16.967 Thread 0x0000020260606150 nmethod 5770 0x0000020251c8ee90 code [0x0000020251c8f020, 0x0000020251c8f0f8]
Event: 16.970 Thread 0x0000020260606150 5771       2       org.eclipse.jdt.internal.compiler.classfmt.ClassFileStruct::utf8At (171 bytes)
Event: 16.971 Thread 0x0000020260606150 nmethod 5771 0x000002024a244c10 code [0x000002024a244dc0, 0x000002024a245248]
Event: 16.971 Thread 0x0000020260606150 5772       2       jdk.internal.jimage.ImageReader$SharedImageReader$$Lambda$363/0x00000001005b0ff8::<init> (15 bytes)
Event: 16.971 Thread 0x0000020260606150 nmethod 5772 0x000002024a0d7310 code [0x000002024a0d74a0, 0x000002024a0d75d8]

GC Heap History (20 events):
Event: 11.847 GC heap before
{Heap before GC invocations=9 (full 1):
 PSYoungGen      total 27648K, used 27628K [0x00000000eab00000, 0x00000000ecc00000, 0x0000000100000000)
  eden space 24576K, 100% used [0x00000000eab00000,0x00000000ec300000,0x00000000ec300000)
  from space 3072K, 99% used [0x00000000ec480000,0x00000000ec77b148,0x00000000ec780000)
  to   space 4608K, 0% used [0x00000000ec780000,0x00000000ec780000,0x00000000ecc00000)
 ParOldGen       total 68608K, used 11539K [0x00000000c0000000, 0x00000000c4300000, 0x00000000eab00000)
  object space 68608K, 16% used [0x00000000c0000000,0x00000000c0b44ed0,0x00000000c4300000)
 Metaspace       used 30645K, committed 31296K, reserved 1114112K
  class space    used 3014K, committed 3264K, reserved 1048576K
}
Event: 11.850 GC heap after
{Heap after GC invocations=9 (full 1):
 PSYoungGen      total 27648K, used 3199K [0x00000000eab00000, 0x00000000ecb00000, 0x0000000100000000)
  eden space 24064K, 0% used [0x00000000eab00000,0x00000000eab00000,0x00000000ec280000)
  from space 3584K, 89% used [0x00000000ec780000,0x00000000eca9fd78,0x00000000ecb00000)
  to   space 3584K, 0% used [0x00000000ec400000,0x00000000ec400000,0x00000000ec780000)
 ParOldGen       total 68608K, used 11539K [0x00000000c0000000, 0x00000000c4300000, 0x00000000eab00000)
  object space 68608K, 16% used [0x00000000c0000000,0x00000000c0b44ed0,0x00000000c4300000)
 Metaspace       used 30645K, committed 31296K, reserved 1114112K
  class space    used 3014K, committed 3264K, reserved 1048576K
}
Event: 12.265 GC heap before
{Heap before GC invocations=10 (full 1):
 PSYoungGen      total 27648K, used 27263K [0x00000000eab00000, 0x00000000ecb00000, 0x0000000100000000)
  eden space 24064K, 100% used [0x00000000eab00000,0x00000000ec280000,0x00000000ec280000)
  from space 3584K, 89% used [0x00000000ec780000,0x00000000eca9fd78,0x00000000ecb00000)
  to   space 3584K, 0% used [0x00000000ec400000,0x00000000ec400000,0x00000000ec780000)
 ParOldGen       total 68608K, used 11539K [0x00000000c0000000, 0x00000000c4300000, 0x00000000eab00000)
  object space 68608K, 16% used [0x00000000c0000000,0x00000000c0b44ed0,0x00000000c4300000)
 Metaspace       used 33028K, committed 33664K, reserved 1114112K
  class space    used 3217K, committed 3520K, reserved 1048576K
}
Event: 12.268 GC heap after
{Heap after GC invocations=10 (full 1):
 PSYoungGen      total 26624K, used 2581K [0x00000000eab00000, 0x00000000ec800000, 0x0000000100000000)
  eden space 23552K, 0% used [0x00000000eab00000,0x00000000eab00000,0x00000000ec200000)
  from space 3072K, 84% used [0x00000000ec400000,0x00000000ec685628,0x00000000ec700000)
  to   space 1024K, 0% used [0x00000000ec700000,0x00000000ec700000,0x00000000ec800000)
 ParOldGen       total 68608K, used 12572K [0x00000000c0000000, 0x00000000c4300000, 0x00000000eab00000)
  object space 68608K, 18% used [0x00000000c0000000,0x00000000c0c471c0,0x00000000c4300000)
 Metaspace       used 33028K, committed 33664K, reserved 1114112K
  class space    used 3217K, committed 3520K, reserved 1048576K
}
Event: 12.852 GC heap before
{Heap before GC invocations=11 (full 1):
 PSYoungGen      total 26624K, used 17989K [0x00000000eab00000, 0x00000000ec800000, 0x0000000100000000)
  eden space 23552K, 65% used [0x00000000eab00000,0x00000000eba0bf80,0x00000000ec200000)
  from space 3072K, 84% used [0x00000000ec400000,0x00000000ec685628,0x00000000ec700000)
  to   space 1024K, 0% used [0x00000000ec700000,0x00000000ec700000,0x00000000ec800000)
 ParOldGen       total 68608K, used 12572K [0x00000000c0000000, 0x00000000c4300000, 0x00000000eab00000)
  object space 68608K, 18% used [0x00000000c0000000,0x00000000c0c471c0,0x00000000c4300000)
 Metaspace       used 35167K, committed 35840K, reserved 1114112K
  class space    used 3509K, committed 3840K, reserved 1048576K
}
Event: 12.855 GC heap after
{Heap after GC invocations=11 (full 1):
 PSYoungGen      total 24576K, used 1018K [0x00000000eab00000, 0x00000000ec900000, 0x0000000100000000)
  eden space 23552K, 0% used [0x00000000eab00000,0x00000000eab00000,0x00000000ec200000)
  from space 1024K, 99% used [0x00000000ec700000,0x00000000ec7fe8b8,0x00000000ec800000)
  to   space 3584K, 0% used [0x00000000ec200000,0x00000000ec200000,0x00000000ec580000)
 ParOldGen       total 68608K, used 14774K [0x00000000c0000000, 0x00000000c4300000, 0x00000000eab00000)
  object space 68608K, 21% used [0x00000000c0000000,0x00000000c0e6d990,0x00000000c4300000)
 Metaspace       used 35167K, committed 35840K, reserved 1114112K
  class space    used 3509K, committed 3840K, reserved 1048576K
}
Event: 12.855 GC heap before
{Heap before GC invocations=12 (full 2):
 PSYoungGen      total 24576K, used 1018K [0x00000000eab00000, 0x00000000ec900000, 0x0000000100000000)
  eden space 23552K, 0% used [0x00000000eab00000,0x00000000eab00000,0x00000000ec200000)
  from space 1024K, 99% used [0x00000000ec700000,0x00000000ec7fe8b8,0x00000000ec800000)
  to   space 3584K, 0% used [0x00000000ec200000,0x00000000ec200000,0x00000000ec580000)
 ParOldGen       total 68608K, used 14774K [0x00000000c0000000, 0x00000000c4300000, 0x00000000eab00000)
  object space 68608K, 21% used [0x00000000c0000000,0x00000000c0e6d990,0x00000000c4300000)
 Metaspace       used 35167K, committed 35840K, reserved 1114112K
  class space    used 3509K, committed 3840K, reserved 1048576K
}
Event: 12.897 GC heap after
{Heap after GC invocations=12 (full 2):
 PSYoungGen      total 24576K, used 0K [0x00000000eab00000, 0x00000000ec900000, 0x0000000100000000)
  eden space 23552K, 0% used [0x00000000eab00000,0x00000000eab00000,0x00000000ec200000)
  from space 1024K, 0% used [0x00000000ec700000,0x00000000ec700000,0x00000000ec800000)
  to   space 3584K, 0% used [0x00000000ec200000,0x00000000ec200000,0x00000000ec580000)
 ParOldGen       total 68608K, used 13009K [0x00000000c0000000, 0x00000000c4300000, 0x00000000eab00000)
  object space 68608K, 18% used [0x00000000c0000000,0x00000000c0cb47f8,0x00000000c4300000)
 Metaspace       used 35167K, committed 35840K, reserved 1114112K
  class space    used 3509K, committed 3840K, reserved 1048576K
}
Event: 13.550 GC heap before
{Heap before GC invocations=13 (full 2):
 PSYoungGen      total 24576K, used 23552K [0x00000000eab00000, 0x00000000ec900000, 0x0000000100000000)
  eden space 23552K, 100% used [0x00000000eab00000,0x00000000ec200000,0x00000000ec200000)
  from space 1024K, 0% used [0x00000000ec700000,0x00000000ec700000,0x00000000ec800000)
  to   space 3584K, 0% used [0x00000000ec200000,0x00000000ec200000,0x00000000ec580000)
 ParOldGen       total 68608K, used 13009K [0x00000000c0000000, 0x00000000c4300000, 0x00000000eab00000)
  object space 68608K, 18% used [0x00000000c0000000,0x00000000c0cb47f8,0x00000000c4300000)
 Metaspace       used 37576K, committed 38272K, reserved 1114112K
  class space    used 3804K, committed 4096K, reserved 1048576K
}
Event: 13.552 GC heap after
{Heap after GC invocations=13 (full 2):
 PSYoungGen      total 26624K, used 989K [0x00000000eab00000, 0x00000000ec780000, 0x0000000100000000)
  eden space 23040K, 0% used [0x00000000eab00000,0x00000000eab00000,0x00000000ec180000)
  from space 3584K, 27% used [0x00000000ec200000,0x00000000ec2f7490,0x00000000ec580000)
  to   space 2048K, 0% used [0x00000000ec580000,0x00000000ec580000,0x00000000ec780000)
 ParOldGen       total 68608K, used 13017K [0x00000000c0000000, 0x00000000c4300000, 0x00000000eab00000)
  object space 68608K, 18% used [0x00000000c0000000,0x00000000c0cb67f8,0x00000000c4300000)
 Metaspace       used 37576K, committed 38272K, reserved 1114112K
  class space    used 3804K, committed 4096K, reserved 1048576K
}
Event: 14.099 GC heap before
{Heap before GC invocations=14 (full 2):
 PSYoungGen      total 26624K, used 24029K [0x00000000eab00000, 0x00000000ec780000, 0x0000000100000000)
  eden space 23040K, 100% used [0x00000000eab00000,0x00000000ec180000,0x00000000ec180000)
  from space 3584K, 27% used [0x00000000ec200000,0x00000000ec2f7490,0x00000000ec580000)
  to   space 2048K, 0% used [0x00000000ec580000,0x00000000ec580000,0x00000000ec780000)
 ParOldGen       total 68608K, used 13017K [0x00000000c0000000, 0x00000000c4300000, 0x00000000eab00000)
  object space 68608K, 18% used [0x00000000c0000000,0x00000000c0cb67f8,0x00000000c4300000)
 Metaspace       used 40268K, committed 41088K, reserved 1114112K
  class space    used 4125K, committed 4480K, reserved 1048576K
}
Event: 14.101 GC heap after
{Heap after GC invocations=14 (full 2):
 PSYoungGen      total 24064K, used 1369K [0x00000000eab00000, 0x00000000ec700000, 0x0000000100000000)
  eden space 22528K, 0% used [0x00000000eab00000,0x00000000eab00000,0x00000000ec100000)
  from space 1536K, 89% used [0x00000000ec580000,0x00000000ec6d67d8,0x00000000ec700000)
  to   space 1536K, 0% used [0x00000000ec400000,0x00000000ec400000,0x00000000ec580000)
 ParOldGen       total 68608K, used 13839K [0x00000000c0000000, 0x00000000c4300000, 0x00000000eab00000)
  object space 68608K, 20% used [0x00000000c0000000,0x00000000c0d83ee0,0x00000000c4300000)
 Metaspace       used 40268K, committed 41088K, reserved 1114112K
  class space    used 4125K, committed 4480K, reserved 1048576K
}
Event: 14.450 GC heap before
{Heap before GC invocations=15 (full 2):
 PSYoungGen      total 24064K, used 23897K [0x00000000eab00000, 0x00000000ec700000, 0x0000000100000000)
  eden space 22528K, 100% used [0x00000000eab00000,0x00000000ec100000,0x00000000ec100000)
  from space 1536K, 89% used [0x00000000ec580000,0x00000000ec6d67d8,0x00000000ec700000)
  to   space 1536K, 0% used [0x00000000ec400000,0x00000000ec400000,0x00000000ec580000)
 ParOldGen       total 68608K, used 13839K [0x00000000c0000000, 0x00000000c4300000, 0x00000000eab00000)
  object space 68608K, 20% used [0x00000000c0000000,0x00000000c0d83ee0,0x00000000c4300000)
 Metaspace       used 43047K, committed 43840K, reserved 1114112K
  class space    used 4486K, committed 4864K, reserved 1048576K
}
Event: 14.453 GC heap after
{Heap after GC invocations=15 (full 2):
 PSYoungGen      total 23040K, used 960K [0x00000000eab00000, 0x00000000ec600000, 0x0000000100000000)
  eden space 22016K, 0% used [0x00000000eab00000,0x00000000eab00000,0x00000000ec080000)
  from space 1024K, 93% used [0x00000000ec400000,0x00000000ec4f0000,0x00000000ec500000)
  to   space 1024K, 0% used [0x00000000ec500000,0x00000000ec500000,0x00000000ec600000)
 ParOldGen       total 68608K, used 15057K [0x00000000c0000000, 0x00000000c4300000, 0x00000000eab00000)
  object space 68608K, 21% used [0x00000000c0000000,0x00000000c0eb46c0,0x00000000c4300000)
 Metaspace       used 43047K, committed 43840K, reserved 1114112K
  class space    used 4486K, committed 4864K, reserved 1048576K
}
Event: 14.922 GC heap before
{Heap before GC invocations=16 (full 2):
 PSYoungGen      total 23040K, used 22976K [0x00000000eab00000, 0x00000000ec600000, 0x0000000100000000)
  eden space 22016K, 100% used [0x00000000eab00000,0x00000000ec080000,0x00000000ec080000)
  from space 1024K, 93% used [0x00000000ec400000,0x00000000ec4f0000,0x00000000ec500000)
  to   space 1024K, 0% used [0x00000000ec500000,0x00000000ec500000,0x00000000ec600000)
 ParOldGen       total 68608K, used 15057K [0x00000000c0000000, 0x00000000c4300000, 0x00000000eab00000)
  object space 68608K, 21% used [0x00000000c0000000,0x00000000c0eb46c0,0x00000000c4300000)
 Metaspace       used 46006K, committed 46848K, reserved 1114112K
  class space    used 4871K, committed 5248K, reserved 1048576K
}
Event: 14.927 GC heap after
{Heap after GC invocations=16 (full 2):
 PSYoungGen      total 23040K, used 1024K [0x00000000eab00000, 0x00000000ec600000, 0x0000000100000000)
  eden space 22016K, 0% used [0x00000000eab00000,0x00000000eab00000,0x00000000ec080000)
  from space 1024K, 100% used [0x00000000ec500000,0x00000000ec600000,0x00000000ec600000)
  to   space 2560K, 0% used [0x00000000ec100000,0x00000000ec100000,0x00000000ec380000)
 ParOldGen       total 68608K, used 15987K [0x00000000c0000000, 0x00000000c4300000, 0x00000000eab00000)
  object space 68608K, 23% used [0x00000000c0000000,0x00000000c0f9cc28,0x00000000c4300000)
 Metaspace       used 46006K, committed 46848K, reserved 1114112K
  class space    used 4871K, committed 5248K, reserved 1048576K
}
Event: 16.112 GC heap before
{Heap before GC invocations=17 (full 2):
 PSYoungGen      total 23040K, used 23040K [0x00000000eab00000, 0x00000000ec600000, 0x0000000100000000)
  eden space 22016K, 100% used [0x00000000eab00000,0x00000000ec080000,0x00000000ec080000)
  from space 1024K, 100% used [0x00000000ec500000,0x00000000ec600000,0x00000000ec600000)
  to   space 2560K, 0% used [0x00000000ec100000,0x00000000ec100000,0x00000000ec380000)
 ParOldGen       total 68608K, used 15987K [0x00000000c0000000, 0x00000000c4300000, 0x00000000eab00000)
  object space 68608K, 23% used [0x00000000c0000000,0x00000000c0f9cc28,0x00000000c4300000)
 Metaspace       used 48528K, committed 49408K, reserved 1114112K
  class space    used 5208K, committed 5632K, reserved 1048576K
}
Event: 16.115 GC heap after
{Heap after GC invocations=17 (full 2):
 PSYoungGen      total 24576K, used 1622K [0x00000000eab00000, 0x00000000ec580000, 0x0000000100000000)
  eden space 22016K, 0% used [0x00000000eab00000,0x00000000eab00000,0x00000000ec080000)
  from space 2560K, 63% used [0x00000000ec100000,0x00000000ec295998,0x00000000ec380000)
  to   space 2048K, 0% used [0x00000000ec380000,0x00000000ec380000,0x00000000ec580000)
 ParOldGen       total 68608K, used 17044K [0x00000000c0000000, 0x00000000c4300000, 0x00000000eab00000)
  object space 68608K, 24% used [0x00000000c0000000,0x00000000c10a5018,0x00000000c4300000)
 Metaspace       used 48528K, committed 49408K, reserved 1114112K
  class space    used 5208K, committed 5632K, reserved 1048576K
}
Event: 16.701 GC heap before
{Heap before GC invocations=18 (full 2):
 PSYoungGen      total 24576K, used 23637K [0x00000000eab00000, 0x00000000ec580000, 0x0000000100000000)
  eden space 22016K, 99% used [0x00000000eab00000,0x00000000ec07fad8,0x00000000ec080000)
  from space 2560K, 63% used [0x00000000ec100000,0x00000000ec295998,0x00000000ec380000)
  to   space 2048K, 0% used [0x00000000ec380000,0x00000000ec380000,0x00000000ec580000)
 ParOldGen       total 68608K, used 17044K [0x00000000c0000000, 0x00000000c4300000, 0x00000000eab00000)
  object space 68608K, 24% used [0x00000000c0000000,0x00000000c10a5018,0x00000000c4300000)
 Metaspace       used 50803K, committed 51712K, reserved 1114112K
  class space    used 5465K, committed 5888K, reserved 1048576K
}
Event: 16.705 GC heap after
{Heap after GC invocations=18 (full 2):
 PSYoungGen      total 23040K, used 2048K [0x00000000eab00000, 0x00000000ec880000, 0x0000000100000000)
  eden space 20992K, 0% used [0x00000000eab00000,0x00000000eab00000,0x00000000ebf80000)
  from space 2048K, 100% used [0x00000000ec380000,0x00000000ec580000,0x00000000ec580000)
  to   space 4096K, 0% used [0x00000000ebf80000,0x00000000ebf80000,0x00000000ec380000)
 ParOldGen       total 68608K, used 18538K [0x00000000c0000000, 0x00000000c4300000, 0x00000000eab00000)
  object space 68608K, 27% used [0x00000000c0000000,0x00000000c121abe0,0x00000000c4300000)
 Metaspace       used 50803K, committed 51712K, reserved 1114112K
  class space    used 5465K, committed 5888K, reserved 1048576K
}

Dll operation events (10 events):
Event: 0.030 Loaded shared library c:\Users\sibay\.vscode\extensions\redhat.java-1.25.1-win32-x64\jre\17.0.9-win32-x86_64\bin\java.dll
Event: 0.552 Loaded shared library c:\Users\sibay\.vscode\extensions\redhat.java-1.25.1-win32-x64\jre\17.0.9-win32-x86_64\bin\zip.dll
Event: 0.559 Loaded shared library C:\Users\sibay\.vscode\extensions\redhat.java-1.25.1-win32-x64\jre\17.0.9-win32-x86_64\bin\instrument.dll
Event: 0.594 Loaded shared library C:\Users\sibay\.vscode\extensions\redhat.java-1.25.1-win32-x64\jre\17.0.9-win32-x86_64\bin\net.dll
Event: 0.598 Loaded shared library C:\Users\sibay\.vscode\extensions\redhat.java-1.25.1-win32-x64\jre\17.0.9-win32-x86_64\bin\nio.dll
Event: 0.613 Loaded shared library C:\Users\sibay\.vscode\extensions\redhat.java-1.25.1-win32-x64\jre\17.0.9-win32-x86_64\bin\zip.dll
Event: 0.644 Loaded shared library C:\Users\sibay\.vscode\extensions\redhat.java-1.25.1-win32-x64\jre\17.0.9-win32-x86_64\bin\jimage.dll
Event: 0.782 Loaded shared library c:\Users\sibay\.vscode\extensions\redhat.java-1.25.1-win32-x64\jre\17.0.9-win32-x86_64\bin\verify.dll
Event: 3.994 Loaded shared library C:\Users\sibay\AppData\Roaming\Code\User\globalStorage\redhat.java\1.25.1\config_win\org.eclipse.equinox.launcher\org.eclipse.equinox.launcher.win32.win32.x86_64_1.2.800.v20231003-1442\eclipse_11802.dll
Event: 13.840 Loaded shared library C:\Users\sibay\AppData\Local\Temp\jna-109430276\jna17282200739867016850.dll

Deoptimization events (20 events):
Event: 16.706 Thread 0x00000202623bf230 DEOPT PACKING pc=0x000002024aa8a13f sp=0x0000000b4bbfb0c0
Event: 16.706 Thread 0x00000202623bf230 DEOPT UNPACKING pc=0x0000020251636e43 sp=0x0000000b4bbfa5c8 mode 0
Event: 16.764 Thread 0x00000202623bf230 Uncommon trap: trap_request=0xffffff45 fr.pc=0x0000020251bd963c relative=0x000000000000029c
Event: 16.764 Thread 0x00000202623bf230 Uncommon trap: reason=unstable_if action=reinterpret pc=0x0000020251bd963c method=java.util.HashMap.getNode(Ljava/lang/Object;)Ljava/util/HashMap$Node; @ 66 c2
Event: 16.764 Thread 0x00000202623bf230 DEOPT PACKING pc=0x0000020251bd963c sp=0x0000000b4bbfde60
Event: 16.764 Thread 0x00000202623bf230 DEOPT UNPACKING pc=0x00000202516366a3 sp=0x0000000b4bbfdd70 mode 2
Event: 16.766 Thread 0x00000202623bf230 Uncommon trap: trap_request=0xffffff45 fr.pc=0x0000020251d4c858 relative=0x0000000000000758
Event: 16.766 Thread 0x00000202623bf230 Uncommon trap: reason=unstable_if action=reinterpret pc=0x0000020251d4c858 method=java.util.HashMap.putVal(ILjava/lang/Object;Ljava/lang/Object;ZZ)Ljava/lang/Object; @ 94 c2
Event: 16.766 Thread 0x00000202623bf230 DEOPT PACKING pc=0x0000020251d4c858 sp=0x0000000b4bbfde90
Event: 16.766 Thread 0x00000202623bf230 DEOPT UNPACKING pc=0x00000202516366a3 sp=0x0000000b4bbfdda0 mode 2
Event: 16.766 Thread 0x00000202623bf230 Uncommon trap: trap_request=0xffffff45 fr.pc=0x0000020251d4a6a4 relative=0x0000000000000724
Event: 16.766 Thread 0x00000202623bf230 Uncommon trap: reason=unstable_if action=reinterpret pc=0x0000020251d4a6a4 method=java.util.HashMap.putVal(ILjava/lang/Object;Ljava/lang/Object;ZZ)Ljava/lang/Object; @ 94 c2
Event: 16.766 Thread 0x00000202623bf230 DEOPT PACKING pc=0x0000020251d4a6a4 sp=0x0000000b4bbfdd50
Event: 16.766 Thread 0x00000202623bf230 DEOPT UNPACKING pc=0x00000202516366a3 sp=0x0000000b4bbfdcf8 mode 2
Event: 16.803 Thread 0x00000202623bf230 Uncommon trap: trap_request=0xffffff45 fr.pc=0x0000020251c63b7c relative=0x000000000000023c
Event: 16.803 Thread 0x00000202623bf230 Uncommon trap: reason=unstable_if action=reinterpret pc=0x0000020251c63b7c method=java.util.HashMap.getNode(Ljava/lang/Object;)Ljava/util/HashMap$Node; @ 66 c2
Event: 16.803 Thread 0x00000202623bf230 DEOPT PACKING pc=0x0000020251c63b7c sp=0x0000000b4bbfde10
Event: 16.803 Thread 0x00000202623bf230 DEOPT UNPACKING pc=0x00000202516366a3 sp=0x0000000b4bbfdd90 mode 2
Event: 16.855 Thread 0x00000202623bf230 DEOPT PACKING pc=0x000002024a4e9888 sp=0x0000000b4bbfdc80
Event: 16.855 Thread 0x00000202623bf230 DEOPT UNPACKING pc=0x0000020251636e43 sp=0x0000000b4bbfd188 mode 0

Classes unloaded (7 events):
Event: 7.808 Thread 0x00000202474c6ba0 Unloading class 0x000000010024c000 'java/lang/invoke/LambdaForm$MH+0x000000010024c000'
Event: 7.808 Thread 0x00000202474c6ba0 Unloading class 0x000000010024bc00 'java/lang/invoke/LambdaForm$MH+0x000000010024bc00'
Event: 7.808 Thread 0x00000202474c6ba0 Unloading class 0x000000010024b800 'java/lang/invoke/LambdaForm$MH+0x000000010024b800'
Event: 7.808 Thread 0x00000202474c6ba0 Unloading class 0x000000010024b400 'java/lang/invoke/LambdaForm$MH+0x000000010024b400'
Event: 7.808 Thread 0x00000202474c6ba0 Unloading class 0x000000010024b000 'java/lang/invoke/LambdaForm$BMH+0x000000010024b000'
Event: 7.808 Thread 0x00000202474c6ba0 Unloading class 0x000000010024ac00 'java/lang/invoke/LambdaForm$DMH+0x000000010024ac00'
Event: 7.808 Thread 0x00000202474c6ba0 Unloading class 0x0000000100248000 'java/lang/invoke/LambdaForm$DMH+0x0000000100248000'

Classes redefined (0 events):
No events

Internal exceptions (20 events):
Event: 14.029 Thread 0x000002024740b2f0 Exception <a 'sun/nio/fs/WindowsException'{0x00000000ebd48638}> (0x00000000ebd48638) 
thrown [s\src\hotspot\share\prims\jni.cpp, line 516]
Event: 14.197 Thread 0x000002024740b2f0 Exception <a 'java/lang/NoSuchMethodError'{0x00000000eb1980b0}: 'java.lang.Object java.lang.invoke.DirectMethodHandle$Holder.invokeStatic(java.lang.Object, java.lang.Object, long, java.lang.Object)'> (0x00000000eb1980b0) 
thrown [s\src\hotspot\share\interpreter\linkResolver.cpp, line 759]
Event: 14.198 Thread 0x000002024740b2f0 Exception <a 'java/lang/NoSuchMethodError'{0x00000000eb19bb48}: 'java.lang.Object java.lang.invoke.DirectMethodHandle$Holder.invokeStaticInit(java.lang.Object, java.lang.Object, long, java.lang.Object)'> (0x00000000eb19bb48) 
thrown [s\src\hotspot\share\interpreter\linkResolver.cpp, line 759]
Event: 14.199 Thread 0x000002024740b2f0 Exception <a 'java/lang/NoSuchMethodError'{0x00000000eb1a2690}: 'java.lang.Object java.lang.invoke.DirectMethodHandle$Holder.newInvokeSpecial(java.lang.Object, java.lang.Object, long)'> (0x00000000eb1a2690) 
thrown [s\src\hotspot\share\interpreter\linkResolver.cpp, line 759]
Event: 14.570 Thread 0x000002024740b2f0 Exception <a 'java/lang/NoSuchMethodError'{0x00000000eb2abdd8}: 'void java.lang.invoke.DirectMethodHandle$Holder.invokeSpecial(java.lang.Object, java.lang.Object, java.lang.Object, java.lang.Object, java.lang.Object, java.lang.Object)'> (0x00000000eb2abdd8) 
thrown [s\src\hotspot\share\interpreter\linkResolver.cpp, line 759]
Event: 14.572 Thread 0x000002024740b2f0 Exception <a 'java/lang/IncompatibleClassChangeError'{0x00000000eb2b55d8}: Found class java.lang.Object, but interface was expected> (0x00000000eb2b55d8) 
thrown [s\src\hotspot\share\interpreter\linkResolver.cpp, line 826]
Event: 14.722 Thread 0x00000202623c0670 Exception <a 'java/lang/NoSuchMethodError'{0x00000000ebc127c0}: 'void java.lang.invoke.DirectMethodHandle$Holder.invokeStaticInit(java.lang.Object, java.lang.Object, java.lang.Object)'> (0x00000000ebc127c0) 
thrown [s\src\hotspot\share\interpreter\linkResolver.cpp, line 759]
Event: 14.734 Thread 0x00000202623c0670 Exception <a 'java/lang/ExceptionInInitializerError'{0x00000000ebc56ca0}> (0x00000000ebc56ca0) 
thrown [s\src\hotspot\share\oops\instanceKlass.cpp, line 1218]
Event: 14.792 Thread 0x00000202623c0670 Implicit null exception at 0x0000020251c91c2f to 0x0000020251c91dbc
Event: 14.794 Thread 0x00000202623c0670 Implicit null exception at 0x0000020251c0ade9 to 0x0000020251c0c15c
Event: 14.800 Thread 0x00000202623c0670 Exception <a 'java/lang/NoSuchMethodError'{0x00000000ebec9e48}: 'java.lang.Object java.lang.invoke.Invokers$Holder.invokeExact_MT(java.lang.Object, int, java.lang.Object)'> (0x00000000ebec9e48) 
thrown [s\src\hotspot\share\interpreter\linkResolver.cpp, line 759]
Event: 14.833 Thread 0x00000202623c0670 Exception <a 'java/lang/NoSuchMethodError'{0x00000000ebf412f0}: 'int java.lang.invoke.DirectMethodHandle$Holder.invokeSpecial(java.lang.Object, java.lang.Object, java.lang.Object, java.lang.Object)'> (0x00000000ebf412f0) 
thrown [s\src\hotspot\share\interpreter\linkResolver.cpp, line 759]
Event: 15.628 Thread 0x00000202623c0670 Exception <a 'java/lang/NoClassDefFoundError'{0x00000000eb5b9070}: com/google/inject/servlet/ServletModuleTargetVisitor> (0x00000000eb5b9070) 
thrown [s\src\hotspot\share\classfile\systemDictionary.cpp, line 245]
Event: 16.178 Thread 0x00000202645a6210 Exception <a 'java/io/FileNotFoundException'{0x00000000eacbc708}> (0x00000000eacbc708) 
thrown [s\src\hotspot\share\prims\jni.cpp, line 516]
Event: 16.319 Thread 0x00000202623bf230 Exception <a 'java/lang/NoSuchMethodError'{0x00000000eb36c6d0}: 'int java.lang.invoke.DirectMethodHandle$Holder.invokeSpecialIFC(java.lang.Object, java.lang.Object, java.lang.Object, java.lang.Object)'> (0x00000000eb36c6d0) 
thrown [s\src\hotspot\share\interpreter\linkResolver.cpp, line 759]
Event: 16.379 Thread 0x00000202623bf230 Exception <a 'java/lang/NoSuchMethodError'{0x00000000eb5c6b50}: 'int java.lang.invoke.DirectMethodHandle$Holder.invokeInterface(java.lang.Object, java.lang.Object)'> (0x00000000eb5c6b50) 
thrown [s\src\hotspot\share\interpreter\linkResolver.cpp, line 759]
Event: 16.380 Thread 0x00000202623bf230 Exception <a 'java/lang/IncompatibleClassChangeError'{0x00000000eb5ca318}: Found class java.lang.Object, but interface was expected> (0x00000000eb5ca318) 
thrown [s\src\hotspot\share\interpreter\linkResolver.cpp, line 826]
Event: 16.557 Thread 0x00000202623bf230 Exception <a 'java/lang/NoSuchMethodError'{0x00000000eba1cc68}: 'java.lang.Object java.lang.invoke.Invokers$Holder.invoke_MT(java.lang.Object, java.lang.Object, java.lang.Object)'> (0x00000000eba1cc68) 
thrown [s\src\hotspot\share\interpreter\linkResolver.cpp, line 759]
Event: 16.942 Thread 0x00000202623bf230 Exception <a 'java/io/FileNotFoundException'{0x00000000ebb5b8b0}> (0x00000000ebb5b8b0) 
thrown [s\src\hotspot\share\prims\jni.cpp, line 516]
Event: 16.944 Thread 0x00000202623bf230 Exception <a 'java/io/FileNotFoundException'{0x00000000ebb5cde0}> (0x00000000ebb5cde0) 
thrown [s\src\hotspot\share\prims\jni.cpp, line 516]

VM Operations (20 events):
Event: 15.753 Executing VM operation: HandshakeAllThreads
Event: 15.754 Executing VM operation: HandshakeAllThreads done
Event: 15.932 Executing VM operation: ICBufferFull
Event: 15.932 Executing VM operation: ICBufferFull done
Event: 16.112 Executing VM operation: ParallelGCFailedAllocation
Event: 16.115 Executing VM operation: ParallelGCFailedAllocation done
Event: 16.541 Executing VM operation: HandshakeAllThreads
Event: 16.541 Executing VM operation: HandshakeAllThreads done
Event: 16.572 Executing VM operation: HandshakeAllThreads
Event: 16.572 Executing VM operation: HandshakeAllThreads done
Event: 16.620 Executing VM operation: HandshakeAllThreads
Event: 16.620 Executing VM operation: HandshakeAllThreads done
Event: 16.701 Executing VM operation: ParallelGCFailedAllocation
Event: 16.705 Executing VM operation: ParallelGCFailedAllocation done
Event: 16.766 Executing VM operation: HandshakeAllThreads
Event: 16.766 Executing VM operation: HandshakeAllThreads done
Event: 16.803 Executing VM operation: HandshakeAllThreads
Event: 16.803 Executing VM operation: HandshakeAllThreads done
Event: 16.850 Executing VM operation: HandshakeAllThreads
Event: 16.850 Executing VM operation: HandshakeAllThreads done

Events (20 events):
Event: 16.863 Thread 0x000002026060ce40 flushing nmethod 0x000002024aa87110
Event: 16.863 Thread 0x000002026060ce40 flushing nmethod 0x000002024aa87890
Event: 16.863 Thread 0x000002026060ce40 flushing nmethod 0x000002024aa91790
Event: 16.863 Thread 0x000002026060ce40 flushing nmethod 0x000002024aaa8690
Event: 16.863 Thread 0x000002026060ce40 flushing nmethod 0x000002024aac3690
Event: 16.863 Thread 0x000002026060ce40 flushing nmethod 0x000002024aac3a90
Event: 16.863 Thread 0x000002026060ce40 flushing nmethod 0x000002024aac5510
Event: 16.863 Thread 0x000002026060ce40 flushing nmethod 0x000002024aac9c10
Event: 16.863 Thread 0x000002026060ce40 flushing nmethod 0x000002024aacb310
Event: 16.863 Thread 0x000002026060ce40 flushing nmethod 0x000002024aacfe90
Event: 16.863 Thread 0x000002026060ce40 flushing nmethod 0x000002024aafed90
Event: 16.863 Thread 0x000002026060ce40 flushing nmethod 0x000002024ab3c210
Event: 16.864 Thread 0x000002026060ce40 flushing nmethod 0x000002024ab46110
Event: 16.864 Thread 0x000002026060ce40 flushing nmethod 0x000002024ab47b90
Event: 16.864 Thread 0x000002026060ce40 flushing nmethod 0x000002024ab48990
Event: 16.865 Thread 0x000002026060ce40 flushing nmethod 0x000002024ac37b10
Event: 16.865 Thread 0x000002026060ce40 flushing nmethod 0x000002024ac39190
Event: 16.865 Thread 0x000002026060ce40 flushing nmethod 0x000002024ac39d90
Event: 16.865 Thread 0x000002026060ce40 flushing nmethod 0x000002024ac3f510
Event: 16.865 Thread 0x000002026060ce40 flushing nmethod 0x000002024ac73290


Dynamic libraries:
0x00007ff7c2d90000 - 0x00007ff7c2d9e000 	c:\Users\sibay\.vscode\extensions\redhat.java-1.25.1-win32-x64\jre\17.0.9-win32-x86_64\bin\java.exe
0x00007ffbfa7f0000 - 0x00007ffbfa9e8000 	C:\WINDOWS\SYSTEM32\ntdll.dll
0x00007ffbf9740000 - 0x00007ffbf97fd000 	C:\WINDOWS\System32\KERNEL32.DLL
0x00007ffbf83d0000 - 0x00007ffbf86c6000 	C:\WINDOWS\System32\KERNELBASE.dll
0x00007ffbf7fd0000 - 0x00007ffbf80d0000 	C:\WINDOWS\System32\ucrtbase.dll
0x00007ffbf0bf0000 - 0x00007ffbf0c07000 	c:\Users\sibay\.vscode\extensions\redhat.java-1.25.1-win32-x64\jre\17.0.9-win32-x86_64\bin\jli.dll
0x00007ffbf0920000 - 0x00007ffbf093b000 	c:\Users\sibay\.vscode\extensions\redhat.java-1.25.1-win32-x64\jre\17.0.9-win32-x86_64\bin\VCRUNTIME140.dll
0x00007ffbf95a0000 - 0x00007ffbf973e000 	C:\WINDOWS\System32\USER32.dll
0x00007ffbf8700000 - 0x00007ffbf8722000 	C:\WINDOWS\System32\win32u.dll
0x00007ffbfa580000 - 0x00007ffbfa5ac000 	C:\WINDOWS\System32\GDI32.dll
0x00007ffbf8730000 - 0x00007ffbf884a000 	C:\WINDOWS\System32\gdi32full.dll
0x00007ffbdfc90000 - 0x00007ffbdff2a000 	C:\WINDOWS\WinSxS\amd64_microsoft.windows.common-controls_6595b64144ccf1df_6.0.19041.3636_none_60b6a03d71f818d5\COMCTL32.dll
0x00007ffbf8230000 - 0x00007ffbf82cd000 	C:\WINDOWS\System32\msvcp_win.dll
0x00007ffbf9870000 - 0x00007ffbf990e000 	C:\WINDOWS\System32\msvcrt.dll
0x00007ffbfa4a0000 - 0x00007ffbfa4d0000 	C:\WINDOWS\System32\IMM32.DLL
0x00007ffbf1910000 - 0x00007ffbf191c000 	c:\Users\sibay\.vscode\extensions\redhat.java-1.25.1-win32-x64\jre\17.0.9-win32-x86_64\bin\vcruntime140_1.dll
0x00007ffba4500000 - 0x00007ffba458d000 	c:\Users\sibay\.vscode\extensions\redhat.java-1.25.1-win32-x64\jre\17.0.9-win32-x86_64\bin\msvcp140.dll
0x00007ffb84f70000 - 0x00007ffb85bd1000 	c:\Users\sibay\.vscode\extensions\redhat.java-1.25.1-win32-x64\jre\17.0.9-win32-x86_64\bin\server\jvm.dll
0x00007ffbfa700000 - 0x00007ffbfa7af000 	C:\WINDOWS\System32\ADVAPI32.dll
0x00007ffbf8850000 - 0x00007ffbf88ec000 	C:\WINDOWS\System32\sechost.dll
0x00007ffbfa5b0000 - 0x00007ffbfa6d6000 	C:\WINDOWS\System32\RPCRT4.dll
0x00007ffbf7c80000 - 0x00007ffbf7ccb000 	C:\WINDOWS\SYSTEM32\POWRPROF.dll
0x00007ffbd6ad0000 - 0x00007ffbd6ad9000 	C:\WINDOWS\SYSTEM32\WSOCK32.dll
0x00007ffbfa2d0000 - 0x00007ffbfa33b000 	C:\WINDOWS\System32\WS2_32.dll
0x00007ffbf51f0000 - 0x00007ffbf5217000 	C:\WINDOWS\SYSTEM32\WINMM.dll
0x00007ffbecef0000 - 0x00007ffbecefa000 	C:\WINDOWS\SYSTEM32\VERSION.dll
0x00007ffbf7c60000 - 0x00007ffbf7c72000 	C:\WINDOWS\SYSTEM32\UMPDC.dll
0x00007ffbf66e0000 - 0x00007ffbf66f2000 	C:\WINDOWS\SYSTEM32\kernel.appcore.dll
0x00007ffbf0c30000 - 0x00007ffbf0c3a000 	c:\Users\sibay\.vscode\extensions\redhat.java-1.25.1-win32-x64\jre\17.0.9-win32-x86_64\bin\jimage.dll
0x00007ffbf59e0000 - 0x00007ffbf5bc4000 	C:\WINDOWS\SYSTEM32\DBGHELP.DLL
0x00007ffbdfc50000 - 0x00007ffbdfc84000 	C:\WINDOWS\SYSTEM32\dbgcore.DLL
0x00007ffbf82d0000 - 0x00007ffbf8352000 	C:\WINDOWS\System32\bcryptPrimitives.dll
0x00007ffbf0b80000 - 0x00007ffbf0b8e000 	c:\Users\sibay\.vscode\extensions\redhat.java-1.25.1-win32-x64\jre\17.0.9-win32-x86_64\bin\instrument.dll
0x00007ffbb2da0000 - 0x00007ffbb2dc5000 	c:\Users\sibay\.vscode\extensions\redhat.java-1.25.1-win32-x64\jre\17.0.9-win32-x86_64\bin\java.dll
0x00007ffbe91d0000 - 0x00007ffbe91e8000 	c:\Users\sibay\.vscode\extensions\redhat.java-1.25.1-win32-x64\jre\17.0.9-win32-x86_64\bin\zip.dll
0x00007ffbf8950000 - 0x00007ffbf9094000 	C:\WINDOWS\System32\SHELL32.dll
0x00007ffbf5f30000 - 0x00007ffbf66cb000 	C:\WINDOWS\SYSTEM32\windows.storage.dll
0x00007ffbf9d80000 - 0x00007ffbfa0d4000 	C:\WINDOWS\System32\combase.dll
0x00007ffbf7760000 - 0x00007ffbf778d000 	C:\WINDOWS\SYSTEM32\Wldp.dll
0x00007ffbfa4d0000 - 0x00007ffbfa57d000 	C:\WINDOWS\System32\SHCORE.dll
0x00007ffbfa1c0000 - 0x00007ffbfa215000 	C:\WINDOWS\System32\shlwapi.dll
0x00007ffbf7e00000 - 0x00007ffbf7e25000 	C:\WINDOWS\SYSTEM32\profapi.dll
0x00007ffbc5b20000 - 0x00007ffbc5b39000 	C:\Users\sibay\.vscode\extensions\redhat.java-1.25.1-win32-x64\jre\17.0.9-win32-x86_64\bin\net.dll
0x00007ffbefa20000 - 0x00007ffbefb2a000 	C:\WINDOWS\SYSTEM32\WINHTTP.dll
0x00007ffbf7540000 - 0x00007ffbf75aa000 	C:\WINDOWS\system32\mswsock.dll
0x00007ffbc3d50000 - 0x00007ffbc3d66000 	C:\Users\sibay\.vscode\extensions\redhat.java-1.25.1-win32-x64\jre\17.0.9-win32-x86_64\bin\nio.dll
0x00007ffbe9210000 - 0x00007ffbe9220000 	c:\Users\sibay\.vscode\extensions\redhat.java-1.25.1-win32-x64\jre\17.0.9-win32-x86_64\bin\verify.dll
0x00007ffbad2a0000 - 0x00007ffbad2de000 	C:\Users\sibay\AppData\Roaming\Code\User\globalStorage\redhat.java\1.25.1\config_win\org.eclipse.equinox.launcher\org.eclipse.equinox.launcher.win32.win32.x86_64_1.2.800.v20231003-1442\eclipse_11802.dll
0x00007ffbf92c0000 - 0x00007ffbf93eb000 	C:\WINDOWS\System32\ole32.dll
0x00007ffbf77a0000 - 0x00007ffbf77b8000 	C:\WINDOWS\SYSTEM32\CRYPTSP.dll
0x00007ffbf6e90000 - 0x00007ffbf6ec4000 	C:\WINDOWS\system32\rsaenh.dll
0x00007ffbf86d0000 - 0x00007ffbf86f7000 	C:\WINDOWS\System32\bcrypt.dll
0x00007ffbf7d80000 - 0x00007ffbf7dae000 	C:\WINDOWS\SYSTEM32\USERENV.dll
0x00007ffbf76d0000 - 0x00007ffbf76dc000 	C:\WINDOWS\SYSTEM32\CRYPTBASE.dll
0x00007ffbf7250000 - 0x00007ffbf728b000 	C:\WINDOWS\SYSTEM32\IPHLPAPI.DLL
0x00007ffbf9190000 - 0x00007ffbf9198000 	C:\WINDOWS\System32\NSI.dll
0x00007ffbf0fe0000 - 0x00007ffbf0ff7000 	C:\WINDOWS\SYSTEM32\dhcpcsvc6.DLL
0x00007ffbf10d0000 - 0x00007ffbf10ed000 	C:\WINDOWS\SYSTEM32\dhcpcsvc.DLL
0x00007ffbf7290000 - 0x00007ffbf735a000 	C:\WINDOWS\SYSTEM32\DNSAPI.dll
0x00007ffba8e30000 - 0x00007ffba8e75000 	C:\Users\sibay\AppData\Local\Temp\jna-109430276\jna17282200739867016850.dll
0x00007ffbfa410000 - 0x00007ffbfa418000 	C:\WINDOWS\System32\PSAPI.DLL

dbghelp: loaded successfully - version: 4.0.5 - missing functions: none
symbol engine: initialized successfully - sym options: 0x614 - pdb path: .;c:\Users\sibay\.vscode\extensions\redhat.java-1.25.1-win32-x64\jre\17.0.9-win32-x86_64\bin;C:\WINDOWS\SYSTEM32;C:\WINDOWS\WinSxS\amd64_microsoft.windows.common-controls_6595b64144ccf1df_6.0.19041.3636_none_60b6a03d71f818d5;c:\Users\sibay\.vscode\extensions\redhat.java-1.25.1-win32-x64\jre\17.0.9-win32-x86_64\bin\server;C:\Users\sibay\AppData\Roaming\Code\User\globalStorage\redhat.java\1.25.1\config_win\org.eclipse.equinox.launcher\org.eclipse.equinox.launcher.win32.win32.x86_64_1.2.800.v20231003-1442;C:\Users\sibay\AppData\Local\Temp\jna-109430276

VM Arguments:
jvm_args: --add-modules=ALL-SYSTEM --add-opens=java.base/java.util=ALL-UNNAMED --add-opens=java.base/java.lang=ALL-UNNAMED --add-opens=java.base/sun.nio.fs=ALL-UNNAMED -Declipse.application=org.eclipse.jdt.ls.core.id1 -Dosgi.bundles.defaultStartLevel=4 -Declipse.product=org.eclipse.jdt.ls.core.product -Djava.import.generatesMetadataFilesAtProjectRoot=false -DDetectVMInstallationsJob.disabled=true -Dfile.encoding=utf8 -XX:+UseParallelGC -XX:GCTimeRatio=4 -XX:AdaptiveSizePolicyWeight=90 -Dsun.zip.disableMemoryMapping=true -Xmx1G -Xms100m -Xlog:disable -javaagent:c:\Users\sibay\.vscode\extensions\redhat.java-1.25.1-win32-x64\lombok\lombok-1.18.30.jar -XX:+HeapDumpOnOutOfMemoryError -XX:HeapDumpPath=c:\Users\sibay\AppData\Roaming\Code\User\workspaceStorage\1b3b0577ac70c305518904fa67843254\redhat.java -Daether.dependencyCollector.impl=bf 
java_command: c:\Users\sibay\.vscode\extensions\redhat.java-1.25.1-win32-x64\server\plugins\org.eclipse.equinox.launcher_1.6.600.v20231106-1826.jar -configuration c:\Users\sibay\AppData\Roaming\Code\User\globalStorage\redhat.java\1.25.1\config_win -data c:\Users\sibay\AppData\Roaming\Code\User\workspaceStorage\1b3b0577ac70c305518904fa67843254\redhat.java\jdt_ws --stdio
java_class_path (initial): c:\Users\sibay\.vscode\extensions\redhat.java-1.25.1-win32-x64\server\plugins\org.eclipse.equinox.launcher_1.6.600.v20231106-1826.jar
Launcher Type: SUN_STANDARD

[Global flags]
    uintx AdaptiveSizePolicyWeight                 = 90                                        {product} {command line}
     intx CICompilerCount                          = 4                                         {product} {ergonomic}
    uintx GCTimeRatio                              = 4                                         {product} {command line}
     bool HeapDumpOnOutOfMemoryError               = true                                   {manageable} {command line}
    ccstr HeapDumpPath                             = c:\Users\sibay\AppData\Roaming\Code\User\workspaceStorage\1b3b0577ac70c305518904fa67843254\redhat.java         {manageable} {command line}
   size_t InitialHeapSize                          = 104857600                                 {product} {command line}
   size_t MaxHeapSize                              = 1073741824                                {product} {command line}
   size_t MaxNewSize                               = 357564416                                 {product} {ergonomic}
   size_t MinHeapDeltaBytes                        = 524288                                    {product} {ergonomic}
   size_t MinHeapSize                              = 104857600                                 {product} {command line}
   size_t NewSize                                  = 34603008                                  {product} {ergonomic}
    uintx NonNMethodCodeHeapSize                   = 5839372                                {pd product} {ergonomic}
    uintx NonProfiledCodeHeapSize                  = 122909434                              {pd product} {ergonomic}
   size_t OldSize                                  = 70254592                                  {product} {ergonomic}
    uintx ProfiledCodeHeapSize                     = 122909434                              {pd product} {ergonomic}
    uintx ReservedCodeCacheSize                    = 251658240                              {pd product} {ergonomic}
     bool SegmentedCodeCache                       = true                                      {product} {ergonomic}
   size_t SoftMaxHeapSize                          = 1073741824                             {manageable} {ergonomic}
     bool UseCompressedClassPointers               = true                           {product lp64_product} {ergonomic}
     bool UseCompressedOops                        = true                           {product lp64_product} {ergonomic}
     bool UseLargePagesIndividualAllocation        = false                                  {pd product} {ergonomic}
     bool UseParallelGC                            = true                                      {product} {command line}

Logging:
Log output configuration:
 #0: stdout all=off uptime,level,tags
 #1: stderr all=off uptime,level,tags

Environment Variables:
JAVA_HOME=C:\Users\sibay\AppData\Local\Programs\Eclipse Adoptium\jdk-17.0.7.7-hotspot\
PATH=C:\Program Files (x86)\Common Files\Oracle\Java\javapath;C:\WINDOWS\system32;C:\WINDOWS;C:\WINDOWS\System32\Wbem;C:\WINDOWS\System32\WindowsPowerShell\v1.0\;C:\WINDOWS\System32\OpenSSH\;C:\Program Files\Cloudflare\Cloudflare WARP\;C:\Program Files\Git\cmd;C:\Users\sibay\AppData\Roaming\nvm;C:\Program Files\nodejs;C:\Program Files\dotnet\;C:\Program Files (x86)\dotnet\;C:\Program Files\GitHub CLI\;C:\Program Files (x86)\Windows Kits\10\Windows Performance Toolkit\;C:\Program Files\Go\bin;C:\Program Files\Docker\Docker\resources\bin;C:\xampp\php;C:\ProgramData\ComposerSetup\bin;C:\Program Files\Microsoft SQL Server\150\Tools\Binn\;C:\Program Files\Microsoft SQL Server\Client SDK\ODBC\170\Tools\Binn\;C:\Program Files\PowerShell\7\;C:\Program Files\MySQL\MySQL Shell 8.0\bin\;C:\Users\sibay\.cargo\bin;C:\Users\sibay\AppData\Local\pnpm;C:\Users\sibay\.console-ninja\.bin;C:\Users\sibay\scoop\shims;C:\Users\sibay\AppData\Local\Programs\Eclipse Adoptium\jdk-17.0.7.7-hotspot\bin;C:\Users\sibay\AppData\Local\Microsoft\WindowsApps;C:\Users\sibay\AppData\Local\Programs\Microsoft VS Code\bin;C:\Users\sibay\AppData\Local\Programs\oh-my-posh\bin;C:\Users\sibay\AppData\Local\Programs\Hyper\resources\bin;C:\Users\sibay\AppData\Roaming\nvm;C:\Program Files\nodejs;C:\Program Files\Neovim\bin;C:\Users\User\AppData\Roaming\npm\eslint_d;C:\sqlite;C:\Program Files\PostgreSQL\15\bin;C:\msys64\mingw64\bin;C:\Users\sibay\go\bin;C:\Program Files\MySQL\MySQL Server 8.0\bin;C:\Users\sibay\.dotnet\tools;C:\Program Files\JetBrains\JetBrains Rider 2023.2.2\bin;;C:\Users\sibay\AppData\Roaming\Composer\vendor\bin;C:\xampp\php;;C:\Program Files\JetBrains\IntelliJ IDEA 2023.3\bin;
USERNAME=sibay
OS=Windows_NT
PROCESSOR_IDENTIFIER=AMD64 Family 23 Model 24 Stepping 1, AuthenticAMD
TMP=C:\Users\sibay\AppData\Local\Temp
TEMP=C:\Users\sibay\AppData\Local\Temp



Periodic native trim disabled


---------------  S Y S T E M  ---------------

OS:
 Windows 10 , 64 bit Build 19041 (10.0.19041.3636)
OS uptime: 3 days 21:35 hours
Hyper-V role detected

CPU: total 8 (initial active 8) (8 cores per cpu, 2 threads per core) family 23 model 24 stepping 1 microcode 0x0, cx8, cmov, fxsr, ht, mmx, 3dnowpref, sse, sse2, sse3, ssse3, sse4a, sse4.1, sse4.2, popcnt, lzcnt, tsc, tscinvbit, avx, avx2, aes, clmul, bmi1, bmi2, adx, sha, fma, vzeroupper, clflush, clflushopt, hv
Processor Information for all 8 processors :
  Max Mhz: 2100, Current Mhz: 2100, Mhz Limit: 2100

Memory: 4k page, system-wide physical 7103M (269M free)
TotalPageFile size 26305M (AvailPageFile size 4M)
current process WorkingSet (physical memory assigned to process): 187M, peak: 187M
current process commit charge ("private bytes"): 278M, peak: 281M

vm_info: OpenJDK 64-Bit Server VM (17.0.9+9) for windows-amd64 JRE (17.0.9+9), built on Oct 26 2023 14:01:42 by "admin" with MS VC++ 16.10 / 16.11 (VS2019)

END.
